{"/home/travis/build/npmtest/node-npmtest-restify/test.js":{"path":"/home/travis/build/npmtest/node-npmtest-restify/test.js","s":{"1":2,"2":2,"3":2,"4":2,"5":2,"6":2,"7":2,"8":1,"9":2,"10":2,"11":1,"12":1,"13":1,"14":1,"15":2,"16":2,"17":2,"18":2,"19":1,"20":1,"21":2,"22":2,"23":2,"24":1,"25":1,"26":1,"27":1,"28":1,"29":1,"30":1,"31":1,"32":1,"33":1,"34":1,"35":1,"36":2,"37":2,"38":1,"39":2,"40":2,"41":1,"42":2,"43":2,"44":1,"45":1,"46":1,"47":1,"48":1},"b":{"1":[2,1,1,1],"2":[1,1,1,1],"3":[1,1],"4":[1,1],"5":[1,1],"6":[1,1],"7":[1,1],"8":[1,1],"9":[1,1,1],"10":[1,1],"11":[1,1],"12":[1,1],"13":[1,1],"14":[1,1],"15":[1,1]},"f":{"1":2,"2":2,"3":2,"4":2,"5":2,"6":1,"7":1,"8":2,"9":2,"10":2,"11":1},"fnMap":{"1":{"name":"(anonymous_1)","line":12,"loc":{"start":{"line":12,"column":1},"end":{"line":12,"column":13}}},"2":{"name":"(anonymous_2)","line":19,"loc":{"start":{"line":19,"column":5},"end":{"line":19,"column":17}}},"3":{"name":"(anonymous_3)","line":23,"loc":{"start":{"line":23,"column":24},"end":{"line":23,"column":36}}},"4":{"name":"(anonymous_4)","line":61,"loc":{"start":{"line":61,"column":5},"end":{"line":61,"column":17}}},"5":{"name":"(anonymous_5)","line":82,"loc":{"start":{"line":82,"column":5},"end":{"line":82,"column":17}}},"6":{"name":"(anonymous_6)","line":102,"loc":{"start":{"line":102,"column":83},"end":{"line":105,"column":10}},"skip":true},"7":{"name":"(anonymous_7)","line":113,"loc":{"start":{"line":113,"column":77},"end":{"line":116,"column":10}},"skip":true},"8":{"name":"(anonymous_8)","line":127,"loc":{"start":{"line":127,"column":77},"end":{"line":130,"column":10}},"skip":true},"9":{"name":"(anonymous_9)","line":138,"loc":{"start":{"line":138,"column":83},"end":{"line":141,"column":10}},"skip":true},"10":{"name":"(anonymous_10)","line":149,"loc":{"start":{"line":149,"column":79},"end":{"line":152,"column":10}},"skip":true},"11":{"name":"(anonymous_11)","line":160,"loc":{"start":{"line":160,"column":75},"end":{"line":163,"column":10}},"skip":true}},"statementMap":{"1":{"start":{"line":12,"column":0},"end":{"line":175,"column":5}},"2":{"start":{"line":14,"column":4},"end":{"line":14,"column":14}},"3":{"start":{"line":19,"column":4},"end":{"line":56,"column":9}},"4":{"start":{"line":21,"column":8},"end":{"line":21,"column":19}},"5":{"start":{"line":23,"column":8},"end":{"line":35,"column":13}},"6":{"start":{"line":24,"column":12},"end":{"line":34,"column":13}},"7":{"start":{"line":25,"column":16},"end":{"line":28,"column":30}},"8":{"start":{"line":30,"column":16},"end":{"line":33,"column":27}},"9":{"start":{"line":37,"column":8},"end":{"line":39,"column":21}},"10":{"start":{"line":40,"column":8},"end":{"line":53,"column":9}},"11":{"start":{"line":43,"column":12},"end":{"line":46,"column":14}},"12":{"start":{"line":47,"column":12},"end":{"line":47,"column":18}},"13":{"start":{"line":50,"column":12},"end":{"line":51,"column":46}},"14":{"start":{"line":52,"column":12},"end":{"line":52,"column":18}},"15":{"start":{"line":55,"column":8},"end":{"line":55,"column":35}},"16":{"start":{"line":61,"column":4},"end":{"line":63,"column":9}},"17":{"start":{"line":62,"column":8},"end":{"line":62,"column":15}},"18":{"start":{"line":64,"column":4},"end":{"line":77,"column":5}},"19":{"start":{"line":70,"column":8},"end":{"line":70,"column":14}},"20":{"start":{"line":76,"column":8},"end":{"line":76,"column":14}},"21":{"start":{"line":82,"column":4},"end":{"line":84,"column":9}},"22":{"start":{"line":83,"column":8},"end":{"line":83,"column":15}},"23":{"start":{"line":85,"column":4},"end":{"line":174,"column":5}},"24":{"start":{"line":92,"column":8},"end":{"line":94,"column":63}},"25":{"start":{"line":95,"column":8},"end":{"line":95,"column":14}},"26":{"start":{"line":102,"column":8},"end":{"line":111,"column":10},"skip":true},"27":{"start":{"line":109,"column":12},"end":{"line":109,"column":55},"skip":true},"28":{"start":{"line":110,"column":12},"end":{"line":110,"column":48},"skip":true},"29":{"start":{"line":113,"column":8},"end":{"line":125,"column":10},"skip":true},"30":{"start":{"line":120,"column":12},"end":{"line":120,"column":76},"skip":true},"31":{"start":{"line":121,"column":12},"end":{"line":121,"column":73},"skip":true},"32":{"start":{"line":122,"column":12},"end":{"line":122,"column":74},"skip":true},"33":{"start":{"line":123,"column":12},"end":{"line":123,"column":25},"skip":true},"34":{"start":{"line":124,"column":12},"end":{"line":124,"column":45},"skip":true},"35":{"start":{"line":127,"column":8},"end":{"line":136,"column":10},"skip":true},"36":{"start":{"line":134,"column":12},"end":{"line":134,"column":25},"skip":true},"37":{"start":{"line":135,"column":12},"end":{"line":135,"column":45},"skip":true},"38":{"start":{"line":138,"column":8},"end":{"line":147,"column":10},"skip":true},"39":{"start":{"line":145,"column":12},"end":{"line":145,"column":25},"skip":true},"40":{"start":{"line":146,"column":12},"end":{"line":146,"column":48},"skip":true},"41":{"start":{"line":149,"column":8},"end":{"line":158,"column":10},"skip":true},"42":{"start":{"line":156,"column":12},"end":{"line":156,"column":25},"skip":true},"43":{"start":{"line":157,"column":12},"end":{"line":157,"column":46},"skip":true},"44":{"start":{"line":160,"column":8},"end":{"line":169,"column":10},"skip":true},"45":{"start":{"line":167,"column":12},"end":{"line":167,"column":94},"skip":true},"46":{"start":{"line":168,"column":12},"end":{"line":168,"column":48},"skip":true},"47":{"start":{"line":172,"column":8},"end":{"line":172,"column":35},"skip":true},"48":{"start":{"line":173,"column":8},"end":{"line":173,"column":14},"skip":true}},"branchMap":{"1":{"line":25,"type":"binary-expr","locations":[{"start":{"line":25,"column":23},"end":{"line":25,"column":62}},{"start":{"line":26,"column":20},"end":{"line":26,"column":70}},{"start":{"line":27,"column":20},"end":{"line":27,"column":71}},{"start":{"line":28,"column":20},"end":{"line":28,"column":29}}]},"2":{"line":30,"type":"binary-expr","locations":[{"start":{"line":30,"column":23},"end":{"line":30,"column":37}},{"start":{"line":31,"column":20},"end":{"line":31,"column":61}},{"start":{"line":32,"column":20},"end":{"line":32,"column":70}},{"start":{"line":33,"column":20},"end":{"line":33,"column":26}}]},"3":{"line":37,"type":"cond-expr","locations":[{"start":{"line":38,"column":14},"end":{"line":38,"column":20}},{"start":{"line":39,"column":14},"end":{"line":39,"column":20}}]},"4":{"line":40,"type":"switch","locations":[{"start":{"line":42,"column":8},"end":{"line":47,"column":18}},{"start":{"line":49,"column":8},"end":{"line":52,"column":18}}]},"5":{"line":44,"type":"binary-expr","locations":[{"start":{"line":44,"column":16},"end":{"line":44,"column":44}},{"start":{"line":44,"column":48},"end":{"line":44,"column":66}}]},"6":{"line":50,"type":"binary-expr","locations":[{"start":{"line":50,"column":21},"end":{"line":50,"column":49}},{"start":{"line":50,"column":53},"end":{"line":50,"column":72}}]},"7":{"line":64,"type":"switch","locations":[{"start":{"line":69,"column":4},"end":{"line":70,"column":14}},{"start":{"line":75,"column":4},"end":{"line":76,"column":14}}]},"8":{"line":85,"type":"switch","locations":[{"start":{"line":90,"column":4},"end":{"line":95,"column":14}},{"start":{"line":101,"column":4},"end":{"line":173,"column":14},"skip":true}]},"9":{"line":92,"type":"binary-expr","locations":[{"start":{"line":92,"column":18},"end":{"line":92,"column":32}},{"start":{"line":93,"column":12},"end":{"line":93,"column":53}},{"start":{"line":94,"column":12},"end":{"line":94,"column":61}}]},"10":{"line":102,"type":"binary-expr","locations":[{"start":{"line":102,"column":45},"end":{"line":102,"column":79},"skip":true},{"start":{"line":102,"column":83},"end":{"line":111,"column":9},"skip":true}]},"11":{"line":113,"type":"binary-expr","locations":[{"start":{"line":113,"column":42},"end":{"line":113,"column":73},"skip":true},{"start":{"line":113,"column":77},"end":{"line":125,"column":9},"skip":true}]},"12":{"line":127,"type":"binary-expr","locations":[{"start":{"line":127,"column":42},"end":{"line":127,"column":73},"skip":true},{"start":{"line":127,"column":77},"end":{"line":136,"column":9},"skip":true}]},"13":{"line":138,"type":"binary-expr","locations":[{"start":{"line":138,"column":45},"end":{"line":138,"column":79},"skip":true},{"start":{"line":138,"column":83},"end":{"line":147,"column":9},"skip":true}]},"14":{"line":149,"type":"binary-expr","locations":[{"start":{"line":149,"column":43},"end":{"line":149,"column":75},"skip":true},{"start":{"line":149,"column":79},"end":{"line":158,"column":9},"skip":true}]},"15":{"line":160,"type":"binary-expr","locations":[{"start":{"line":160,"column":41},"end":{"line":160,"column":71},"skip":true},{"start":{"line":160,"column":75},"end":{"line":169,"column":9},"skip":true}]}},"code":["/* istanbul instrument in package npmtest_restify */","/*jslint","    bitwise: true,","    browser: true,","    maxerr: 8,","    maxlen: 96,","    node: true,","    nomen: true,","    regexp: true,","    stupid: true","*/","(function () {","    'use strict';","    var local;","","","","    // run shared js-env code - pre-init","    (function () {","        // init local","        local = {};","        // init modeJs","        local.modeJs = (function () {","            try {","                return typeof navigator.userAgent === 'string' &&","                    typeof document.querySelector('body') === 'object' &&","                    typeof XMLHttpRequest.prototype.open === 'function' &&","                    'browser';","            } catch (errorCaughtBrowser) {","                return module.exports &&","                    typeof process.versions.node === 'string' &&","                    typeof require('http').createServer === 'function' &&","                    'node';","            }","        }());","        // init global","        local.global = local.modeJs === 'browser'","            ? window","            : global;","        switch (local.modeJs) {","        // re-init local from window.local","        case 'browser':","            local = local.global.utility2.objectSetDefault(","                local.global.utility2_rollup || local.global.local,","                local.global.utility2","            );","            break;","        // re-init local from example.js","        case 'node':","            local = (local.global.utility2_rollup || require('utility2'))","                .requireExampleJsFromReadme();","            break;","        }","        // export local","        local.global.local = local;","    }());","","","","    // run shared js-env code - function","    (function () {","        return;","    }());","    switch (local.modeJs) {","","","","    // run browser js-env code - function","    case 'browser':","        break;","","","","    // run node js-env code - function","    case 'node':","        break;","    }","","","","    // run shared js-env code - post-init","    (function () {","        return;","    }());","    switch (local.modeJs) {","","","","    // run browser js-env code - post-init","    case 'browser':","        // run tests","        local.nop(local.modeTest &&","            document.querySelector('#testRunButton1') &&","            document.querySelector('#testRunButton1').click());","        break;","","","","    // run node js-env code - post-init","    /* istanbul ignore next */","    case 'node':","        local.testCase_buildApidoc_default = local.testCase_buildApidoc_default || function (","            options,","            onError","        ) {","        /*","         * this function will test buildApidoc's default handling-behavior-behavior","         */","            options = { modulePathList: module.paths };","            local.buildApidoc(options, onError);","        };","","        local.testCase_buildApp_default = local.testCase_buildApp_default || function (","            options,","            onError","        ) {","        /*","         * this function will test buildApp's default handling-behavior-behavior","         */","            local.testCase_buildReadme_default(options, local.onErrorThrow);","            local.testCase_buildLib_default(options, local.onErrorThrow);","            local.testCase_buildTest_default(options, local.onErrorThrow);","            options = [];","            local.buildApp(options, onError);","        };","","        local.testCase_buildLib_default = local.testCase_buildLib_default || function (","            options,","            onError","        ) {","        /*","         * this function will test buildLib's default handling-behavior","         */","            options = {};","            local.buildLib(options, onError);","        };","","        local.testCase_buildReadme_default = local.testCase_buildReadme_default || function (","            options,","            onError","        ) {","        /*","         * this function will test buildReadme's default handling-behavior-behavior","         */","            options = {};","            local.buildReadme(options, onError);","        };","","        local.testCase_buildTest_default = local.testCase_buildTest_default || function (","            options,","            onError","        ) {","        /*","         * this function will test buildTest's default handling-behavior","         */","            options = {};","            local.buildTest(options, onError);","        };","","        local.testCase_webpage_default = local.testCase_webpage_default || function (","            options,","            onError","        ) {","        /*","         * this function will test webpage's default handling-behavior","         */","            options = { modeCoverageMerge: true, url: local.serverLocalHost + '?modeTest=1' };","            local.browserTest(options, onError);","        };","","        // run test-server","        local.testRunServer(local);","        break;","    }","}());",""],"l":{"12":2,"14":2,"19":2,"21":2,"23":2,"24":2,"25":2,"30":1,"37":2,"40":2,"43":1,"47":1,"50":1,"52":1,"55":2,"61":2,"62":2,"64":2,"70":1,"76":1,"82":2,"83":2,"85":2,"92":1,"95":1,"102":1,"109":1,"110":1,"113":1,"120":1,"121":1,"122":1,"123":1,"124":1,"127":1,"134":2,"135":2,"138":1,"145":2,"146":2,"149":1,"156":2,"157":2,"160":1,"167":1,"168":1,"172":1,"173":1}},"/home/travis/build/npmtest/node-npmtest-restify/lib.npmtest_restify.js":{"path":"/home/travis/build/npmtest/node-npmtest-restify/lib.npmtest_restify.js","s":{"1":2,"2":2,"3":2,"4":2,"5":2,"6":2,"7":2,"8":1,"9":2,"10":2,"11":2,"12":2,"13":1,"14":1,"15":1,"16":1},"b":{"1":[2,1,1,1],"2":[1,1,1,1],"3":[1,1],"4":[2,2],"5":[1,1]},"f":{"1":2,"2":2,"3":2},"fnMap":{"1":{"name":"(anonymous_1)","line":12,"loc":{"start":{"line":12,"column":1},"end":{"line":12,"column":13}}},"2":{"name":"(anonymous_2)","line":19,"loc":{"start":{"line":19,"column":5},"end":{"line":19,"column":17}}},"3":{"name":"(anonymous_3)","line":23,"loc":{"start":{"line":23,"column":24},"end":{"line":23,"column":36}}}},"statementMap":{"1":{"start":{"line":12,"column":0},"end":{"line":53,"column":5}},"2":{"start":{"line":14,"column":4},"end":{"line":14,"column":14}},"3":{"start":{"line":19,"column":4},"end":{"line":52,"column":9}},"4":{"start":{"line":21,"column":8},"end":{"line":21,"column":19}},"5":{"start":{"line":23,"column":8},"end":{"line":35,"column":13}},"6":{"start":{"line":24,"column":12},"end":{"line":34,"column":13}},"7":{"start":{"line":25,"column":16},"end":{"line":28,"column":30}},"8":{"start":{"line":30,"column":16},"end":{"line":33,"column":27}},"9":{"start":{"line":37,"column":8},"end":{"line":39,"column":21}},"10":{"start":{"line":41,"column":8},"end":{"line":41,"column":54}},"11":{"start":{"line":43,"column":8},"end":{"line":43,"column":52}},"12":{"start":{"line":45,"column":8},"end":{"line":51,"column":9}},"13":{"start":{"line":46,"column":12},"end":{"line":46,"column":58}},"14":{"start":{"line":48,"column":12},"end":{"line":48,"column":35}},"15":{"start":{"line":49,"column":12},"end":{"line":49,"column":49}},"16":{"start":{"line":50,"column":12},"end":{"line":50,"column":43}}},"branchMap":{"1":{"line":25,"type":"binary-expr","locations":[{"start":{"line":25,"column":23},"end":{"line":25,"column":62}},{"start":{"line":26,"column":20},"end":{"line":26,"column":70}},{"start":{"line":27,"column":20},"end":{"line":27,"column":71}},{"start":{"line":28,"column":20},"end":{"line":28,"column":29}}]},"2":{"line":30,"type":"binary-expr","locations":[{"start":{"line":30,"column":23},"end":{"line":30,"column":37}},{"start":{"line":31,"column":20},"end":{"line":31,"column":61}},{"start":{"line":32,"column":20},"end":{"line":32,"column":70}},{"start":{"line":33,"column":20},"end":{"line":33,"column":26}}]},"3":{"line":37,"type":"cond-expr","locations":[{"start":{"line":38,"column":14},"end":{"line":38,"column":20}},{"start":{"line":39,"column":14},"end":{"line":39,"column":20}}]},"4":{"line":41,"type":"binary-expr","locations":[{"start":{"line":41,"column":16},"end":{"line":41,"column":44}},{"start":{"line":41,"column":48},"end":{"line":41,"column":53}}]},"5":{"line":45,"type":"if","locations":[{"start":{"line":45,"column":8},"end":{"line":45,"column":8}},{"start":{"line":45,"column":8},"end":{"line":45,"column":8}}]}},"code":["/* istanbul instrument in package npmtest_restify */","/*jslint","    bitwise: true,","    browser: true,","    maxerr: 8,","    maxlen: 96,","    node: true,","    nomen: true,","    regexp: true,","    stupid: true","*/","(function () {","    'use strict';","    var local;","","","","    // run shared js-env code - pre-init","    (function () {","        // init local","        local = {};","        // init modeJs","        local.modeJs = (function () {","            try {","                return typeof navigator.userAgent === 'string' &&","                    typeof document.querySelector('body') === 'object' &&","                    typeof XMLHttpRequest.prototype.open === 'function' &&","                    'browser';","            } catch (errorCaughtBrowser) {","                return module.exports &&","                    typeof process.versions.node === 'string' &&","                    typeof require('http').createServer === 'function' &&","                    'node';","            }","        }());","        // init global","        local.global = local.modeJs === 'browser'","            ? window","            : global;","        // init utility2_rollup","        local = local.global.utility2_rollup || local;","        // init lib","        local.local = local.npmtest_restify = local;","        // init exports","        if (local.modeJs === 'browser') {","            local.global.utility2_npmtest_restify = local;","        } else {","            module.exports = local;","            module.exports.__dirname = __dirname;","            module.exports.module = module;","        }","    }());","}());",""],"l":{"12":2,"14":2,"19":2,"21":2,"23":2,"24":2,"25":2,"30":1,"37":2,"41":2,"43":2,"45":2,"46":1,"48":1,"49":1,"50":1}},"/home/travis/build/npmtest/node-npmtest-restify/example.js":{"path":"/home/travis/build/npmtest/node-npmtest-restify/example.js","s":{"1":2,"2":2,"3":2,"4":2,"5":2,"6":2,"7":2,"8":1,"9":2,"10":2,"11":2,"12":2,"13":1,"14":2,"15":2,"16":2,"17":2,"18":2,"19":0,"20":2,"21":1,"22":1,"23":1,"24":1,"25":1,"26":0,"27":0,"28":1,"29":1,"30":2,"31":0,"32":0,"33":0,"34":1,"35":2,"36":2,"37":2,"38":2,"39":2,"40":2,"41":0,"42":2,"43":2,"44":2,"45":1,"46":3,"47":1,"48":1,"49":1,"50":1,"51":1,"52":1,"53":1,"54":1,"55":1,"56":1,"57":0,"58":1,"59":6,"60":6,"61":1,"62":2,"63":0,"64":2,"65":1,"66":1,"67":0,"68":0,"69":0,"70":0,"71":0,"72":0,"73":0,"74":0,"75":0,"76":0,"77":0,"78":0,"79":0,"80":0,"81":0,"82":0,"83":0},"b":{"1":[2,1,1,1],"2":[1,1,1,1],"3":[1,1],"4":[2,2],"5":[1,1],"6":[1,1],"7":[2,0],"8":[2,1,1,1,1,1],"9":[0,2,0],"10":[1,1],"11":[2,1,1],"12":[1,0],"13":[0,2],"14":[2,0,0,0,0,0,0],"15":[0,2],"16":[2,0],"17":[1,1],"18":[0,1],"19":[1,2,0,2],"20":[1,0],"21":[1,1],"22":[0,0],"23":[0,0],"24":[0,0],"25":[0,0],"26":[0,0],"27":[0,0],"28":[0,0]},"f":{"1":2,"2":2,"3":2,"4":2,"5":2,"6":2,"7":2,"8":2,"9":3,"10":1,"11":6,"12":0},"fnMap":{"1":{"name":"(anonymous_1)","line":26,"loc":{"start":{"line":26,"column":1},"end":{"line":26,"column":13}}},"2":{"name":"(anonymous_2)","line":33,"loc":{"start":{"line":33,"column":5},"end":{"line":33,"column":17}}},"3":{"name":"(anonymous_3)","line":37,"loc":{"start":{"line":37,"column":24},"end":{"line":37,"column":36}}},"4":{"name":"(anonymous_4)","line":69,"loc":{"start":{"line":69,"column":31},"end":{"line":69,"column":48}},"skip":true},"5":{"name":"(anonymous_5)","line":78,"loc":{"start":{"line":78,"column":26},"end":{"line":78,"column":45}},"skip":true},"6":{"name":"(anonymous_6)","line":123,"loc":{"start":{"line":123,"column":33},"end":{"line":123,"column":48}},"skip":true},"7":{"name":"(anonymous_7)","line":125,"loc":{"start":{"line":125,"column":27},"end":{"line":125,"column":39}},"skip":true},"8":{"name":"(anonymous_8)","line":133,"loc":{"start":{"line":133,"column":59},"end":{"line":133,"column":74}},"skip":true},"9":{"name":"(anonymous_9)","line":143,"loc":{"start":{"line":143,"column":45},"end":{"line":143,"column":62}},"skip":true},"10":{"name":"(anonymous_10)","line":144,"loc":{"start":{"line":144,"column":73},"end":{"line":144,"column":92}},"skip":true},"11":{"name":"(anonymous_11)","line":272,"loc":{"start":{"line":272,"column":51},"end":{"line":272,"column":77}},"skip":true},"12":{"name":"(anonymous_12)","line":314,"loc":{"start":{"line":314,"column":32},"end":{"line":314,"column":61}},"skip":true}},"statementMap":{"1":{"start":{"line":26,"column":0},"end":{"line":325,"column":5}},"2":{"start":{"line":28,"column":4},"end":{"line":28,"column":14}},"3":{"start":{"line":33,"column":4},"end":{"line":60,"column":9}},"4":{"start":{"line":35,"column":8},"end":{"line":35,"column":19}},"5":{"start":{"line":37,"column":8},"end":{"line":49,"column":13}},"6":{"start":{"line":38,"column":12},"end":{"line":48,"column":13}},"7":{"start":{"line":39,"column":16},"end":{"line":42,"column":30}},"8":{"start":{"line":44,"column":16},"end":{"line":47,"column":27}},"9":{"start":{"line":51,"column":8},"end":{"line":53,"column":21}},"10":{"start":{"line":55,"column":8},"end":{"line":57,"column":45}},"11":{"start":{"line":59,"column":8},"end":{"line":59,"column":35}},"12":{"start":{"line":61,"column":4},"end":{"line":324,"column":5}},"13":{"start":{"line":69,"column":8},"end":{"line":121,"column":10},"skip":true},"14":{"start":{"line":70,"column":12},"end":{"line":88,"column":13},"skip":true},"15":{"start":{"line":76,"column":16},"end":{"line":87,"column":19},"skip":true},"16":{"start":{"line":79,"column":20},"end":{"line":86,"column":21},"skip":true},"17":{"start":{"line":82,"column":24},"end":{"line":82,"column":43},"skip":true},"18":{"start":{"line":83,"column":24},"end":{"line":83,"column":30},"skip":true},"19":{"start":{"line":85,"column":24},"end":{"line":85,"column":49},"skip":true},"20":{"start":{"line":89,"column":12},"end":{"line":107,"column":13},"skip":true},"21":{"start":{"line":92,"column":16},"end":{"line":102,"column":17},"skip":true},"22":{"start":{"line":93,"column":20},"end":{"line":93,"column":86},"skip":true},"23":{"start":{"line":94,"column":20},"end":{"line":95,"column":45},"skip":true},"24":{"start":{"line":96,"column":20},"end":{"line":96,"column":42},"skip":true},"25":{"start":{"line":97,"column":20},"end":{"line":97,"column":48},"skip":true},"26":{"start":{"line":100,"column":20},"end":{"line":100,"column":85},"skip":true},"27":{"start":{"line":101,"column":20},"end":{"line":101,"column":96},"skip":true},"28":{"start":{"line":103,"column":16},"end":{"line":103,"column":22},"skip":true},"29":{"start":{"line":106,"column":16},"end":{"line":106,"column":22},"skip":true},"30":{"start":{"line":108,"column":12},"end":{"line":120,"column":13},"skip":true},"31":{"start":{"line":114,"column":16},"end":{"line":119,"column":17},"skip":true},"32":{"start":{"line":116,"column":20},"end":{"line":116,"column":78},"skip":true},"33":{"start":{"line":118,"column":20},"end":{"line":118,"column":53},"skip":true},"34":{"start":{"line":123,"column":8},"end":{"line":141,"column":11},"skip":true},"35":{"start":{"line":124,"column":12},"end":{"line":124,"column":54},"skip":true},"36":{"start":{"line":125,"column":12},"end":{"line":140,"column":14},"skip":true},"37":{"start":{"line":126,"column":16},"end":{"line":126,"column":28},"skip":true},"38":{"start":{"line":127,"column":16},"end":{"line":127,"column":69},"skip":true},"39":{"start":{"line":128,"column":16},"end":{"line":128,"column":75},"skip":true},"40":{"start":{"line":129,"column":16},"end":{"line":131,"column":17},"skip":true},"41":{"start":{"line":130,"column":20},"end":{"line":130,"column":27},"skip":true},"42":{"start":{"line":133,"column":16},"end":{"line":137,"column":36},"skip":true},"43":{"start":{"line":134,"column":20},"end":{"line":136,"column":55},"skip":true},"44":{"start":{"line":139,"column":16},"end":{"line":139,"column":57},"skip":true},"45":{"start":{"line":143,"column":8},"end":{"line":147,"column":11},"skip":true},"46":{"start":{"line":144,"column":12},"end":{"line":146,"column":15},"skip":true},"47":{"start":{"line":145,"column":16},"end":{"line":145,"column":70},"skip":true},"48":{"start":{"line":149,"column":8},"end":{"line":149,"column":31},"skip":true},"49":{"start":{"line":150,"column":8},"end":{"line":150,"column":14},"skip":true},"50":{"start":{"line":158,"column":8},"end":{"line":158,"column":31},"skip":true},"51":{"start":{"line":160,"column":8},"end":{"line":160,"column":33},"skip":true},"52":{"start":{"line":161,"column":8},"end":{"line":161,"column":37},"skip":true},"53":{"start":{"line":162,"column":8},"end":{"line":162,"column":35},"skip":true},"54":{"start":{"line":164,"column":8},"end":{"line":164,"column":50},"skip":true},"55":{"start":{"line":166,"column":8},"end":{"line":256,"column":2},"skip":true},"56":{"start":{"line":258,"column":8},"end":{"line":286,"column":9},"skip":true},"57":{"start":{"line":259,"column":12},"end":{"line":269,"column":14},"skip":true},"58":{"start":{"line":271,"column":12},"end":{"line":285,"column":19},"skip":true},"59":{"start":{"line":274,"column":20},"end":{"line":274,"column":35},"skip":true},"60":{"start":{"line":275,"column":20},"end":{"line":284,"column":21},"skip":true},"61":{"start":{"line":277,"column":24},"end":{"line":277,"column":64},"skip":true},"62":{"start":{"line":279,"column":24},"end":{"line":279,"column":40},"skip":true},"63":{"start":{"line":281,"column":24},"end":{"line":281,"column":40},"skip":true},"64":{"start":{"line":283,"column":24},"end":{"line":283,"column":39},"skip":true},"65":{"start":{"line":288,"column":8},"end":{"line":290,"column":9},"skip":true},"66":{"start":{"line":289,"column":12},"end":{"line":289,"column":18},"skip":true},"67":{"start":{"line":291,"column":8},"end":{"line":293,"column":54},"skip":true},"68":{"start":{"line":294,"column":8},"end":{"line":301,"column":37},"skip":true},"69":{"start":{"line":302,"column":8},"end":{"line":302,"column":82},"skip":true},"70":{"start":{"line":305,"column":8},"end":{"line":307,"column":9},"skip":true},"71":{"start":{"line":306,"column":12},"end":{"line":306,"column":82},"skip":true},"72":{"start":{"line":309,"column":8},"end":{"line":311,"column":9},"skip":true},"73":{"start":{"line":310,"column":12},"end":{"line":310,"column":18},"skip":true},"74":{"start":{"line":312,"column":8},"end":{"line":312,"column":54},"skip":true},"75":{"start":{"line":313,"column":8},"end":{"line":313,"column":69},"skip":true},"76":{"start":{"line":314,"column":8},"end":{"line":322,"column":36},"skip":true},"77":{"start":{"line":315,"column":12},"end":{"line":315,"column":61},"skip":true},"78":{"start":{"line":316,"column":12},"end":{"line":319,"column":13},"skip":true},"79":{"start":{"line":317,"column":16},"end":{"line":317,"column":75},"skip":true},"80":{"start":{"line":318,"column":16},"end":{"line":318,"column":23},"skip":true},"81":{"start":{"line":320,"column":12},"end":{"line":320,"column":38},"skip":true},"82":{"start":{"line":321,"column":12},"end":{"line":321,"column":27},"skip":true},"83":{"start":{"line":323,"column":8},"end":{"line":323,"column":14},"skip":true}},"branchMap":{"1":{"line":39,"type":"binary-expr","locations":[{"start":{"line":39,"column":23},"end":{"line":39,"column":62}},{"start":{"line":40,"column":20},"end":{"line":40,"column":70}},{"start":{"line":41,"column":20},"end":{"line":41,"column":71}},{"start":{"line":42,"column":20},"end":{"line":42,"column":29}}]},"2":{"line":44,"type":"binary-expr","locations":[{"start":{"line":44,"column":23},"end":{"line":44,"column":37}},{"start":{"line":45,"column":20},"end":{"line":45,"column":61}},{"start":{"line":46,"column":20},"end":{"line":46,"column":70}},{"start":{"line":47,"column":20},"end":{"line":47,"column":26}}]},"3":{"line":51,"type":"cond-expr","locations":[{"start":{"line":52,"column":14},"end":{"line":52,"column":20}},{"start":{"line":53,"column":14},"end":{"line":53,"column":20}}]},"4":{"line":55,"type":"binary-expr","locations":[{"start":{"line":55,"column":16},"end":{"line":55,"column":44}},{"start":{"line":55,"column":49},"end":{"line":57,"column":43}}]},"5":{"line":55,"type":"cond-expr","locations":[{"start":{"line":56,"column":14},"end":{"line":56,"column":51}},{"start":{"line":57,"column":14},"end":{"line":57,"column":43}}]},"6":{"line":61,"type":"switch","locations":[{"start":{"line":68,"column":4},"end":{"line":150,"column":14},"skip":true},{"start":{"line":156,"column":4},"end":{"line":323,"column":14},"skip":true}]},"7":{"line":70,"type":"if","locations":[{"start":{"line":70,"column":12},"end":{"line":70,"column":12},"skip":true},{"start":{"line":70,"column":12},"end":{"line":70,"column":12},"skip":true}]},"8":{"line":70,"type":"binary-expr","locations":[{"start":{"line":70,"column":16},"end":{"line":70,"column":22},"skip":true},{"start":{"line":70,"column":27},"end":{"line":70,"column":32},"skip":true},{"start":{"line":71,"column":20},"end":{"line":71,"column":39},"skip":true},{"start":{"line":72,"column":20},"end":{"line":72,"column":49},"skip":true},{"start":{"line":73,"column":20},"end":{"line":73,"column":58},"skip":true},{"start":{"line":74,"column":20},"end":{"line":74,"column":69},"skip":true}]},"9":{"line":79,"type":"switch","locations":[{"start":{"line":80,"column":20},"end":{"line":80,"column":33},"skip":true},{"start":{"line":81,"column":20},"end":{"line":83,"column":30},"skip":true},{"start":{"line":84,"column":20},"end":{"line":85,"column":49},"skip":true}]},"10":{"line":89,"type":"switch","locations":[{"start":{"line":90,"column":12},"end":{"line":103,"column":22},"skip":true},{"start":{"line":105,"column":12},"end":{"line":106,"column":22},"skip":true}]},"11":{"line":89,"type":"binary-expr","locations":[{"start":{"line":89,"column":20},"end":{"line":89,"column":25},"skip":true},{"start":{"line":89,"column":29},"end":{"line":89,"column":48},"skip":true},{"start":{"line":89,"column":52},"end":{"line":89,"column":74},"skip":true}]},"12":{"line":92,"type":"if","locations":[{"start":{"line":92,"column":16},"end":{"line":92,"column":16},"skip":true},{"start":{"line":92,"column":16},"end":{"line":92,"column":16},"skip":true}]},"13":{"line":108,"type":"if","locations":[{"start":{"line":108,"column":12},"end":{"line":108,"column":12},"skip":true},{"start":{"line":108,"column":12},"end":{"line":108,"column":12},"skip":true}]},"14":{"line":108,"type":"binary-expr","locations":[{"start":{"line":108,"column":16},"end":{"line":108,"column":61},"skip":true},{"start":{"line":108,"column":66},"end":{"line":108,"column":72},"skip":true},{"start":{"line":108,"column":77},"end":{"line":108,"column":82},"skip":true},{"start":{"line":109,"column":20},"end":{"line":109,"column":39},"skip":true},{"start":{"line":110,"column":20},"end":{"line":110,"column":49},"skip":true},{"start":{"line":111,"column":20},"end":{"line":111,"column":58},"skip":true},{"start":{"line":112,"column":20},"end":{"line":112,"column":68},"skip":true}]},"15":{"line":129,"type":"if","locations":[{"start":{"line":129,"column":16},"end":{"line":129,"column":16},"skip":true},{"start":{"line":129,"column":16},"end":{"line":129,"column":16},"skip":true}]},"16":{"line":134,"type":"cond-expr","locations":[{"start":{"line":135,"column":26},"end":{"line":135,"column":29},"skip":true},{"start":{"line":136,"column":26},"end":{"line":136,"column":54},"skip":true}]},"17":{"line":164,"type":"binary-expr","locations":[{"start":{"line":164,"column":27},"end":{"line":164,"column":43},"skip":true},{"start":{"line":164,"column":47},"end":{"line":164,"column":49},"skip":true}]},"18":{"line":258,"type":"if","locations":[{"start":{"line":258,"column":8},"end":{"line":258,"column":8},"skip":true},{"start":{"line":258,"column":8},"end":{"line":258,"column":8},"skip":true}]},"19":{"line":275,"type":"switch","locations":[{"start":{"line":276,"column":20},"end":{"line":277,"column":64},"skip":true},{"start":{"line":278,"column":20},"end":{"line":279,"column":40},"skip":true},{"start":{"line":280,"column":20},"end":{"line":281,"column":40},"skip":true},{"start":{"line":282,"column":20},"end":{"line":283,"column":39},"skip":true}]},"20":{"line":288,"type":"if","locations":[{"start":{"line":288,"column":8},"end":{"line":288,"column":8},"skip":true},{"start":{"line":288,"column":8},"end":{"line":288,"column":8},"skip":true}]},"21":{"line":288,"type":"binary-expr","locations":[{"start":{"line":288,"column":12},"end":{"line":288,"column":40},"skip":true},{"start":{"line":288,"column":44},"end":{"line":288,"column":67},"skip":true}]},"22":{"line":292,"type":"binary-expr","locations":[{"start":{"line":292,"column":12},"end":{"line":292,"column":50},"skip":true},{"start":{"line":293,"column":12},"end":{"line":293,"column":53},"skip":true}]},"23":{"line":295,"type":"binary-expr","locations":[{"start":{"line":295,"column":12},"end":{"line":295,"column":65},"skip":true},{"start":{"line":296,"column":12},"end":{"line":301,"column":36},"skip":true}]},"24":{"line":302,"type":"binary-expr","locations":[{"start":{"line":302,"column":43},"end":{"line":302,"column":75},"skip":true},{"start":{"line":302,"column":79},"end":{"line":302,"column":81},"skip":true}]},"25":{"line":305,"type":"if","locations":[{"start":{"line":305,"column":8},"end":{"line":305,"column":8},"skip":true},{"start":{"line":305,"column":8},"end":{"line":305,"column":8},"skip":true}]},"26":{"line":309,"type":"if","locations":[{"start":{"line":309,"column":8},"end":{"line":309,"column":8},"skip":true},{"start":{"line":309,"column":8},"end":{"line":309,"column":8},"skip":true}]},"27":{"line":312,"type":"binary-expr","locations":[{"start":{"line":312,"column":27},"end":{"line":312,"column":43},"skip":true},{"start":{"line":312,"column":47},"end":{"line":312,"column":53},"skip":true}]},"28":{"line":316,"type":"if","locations":[{"start":{"line":316,"column":12},"end":{"line":316,"column":12},"skip":true},{"start":{"line":316,"column":12},"end":{"line":316,"column":12},"skip":true}]}},"code":["/*","example.js","","quickstart example","","instruction","    1. save this script as example.js","    2. run the shell command:","        $ npm install npmtest-restify && PORT=8081 node example.js","    3. play with the browser-demo on http://127.0.0.1:8081","*/","","","","/* istanbul instrument in package npmtest_restify */","/*jslint","    bitwise: true,","    browser: true,","    maxerr: 8,","    maxlen: 96,","    node: true,","    nomen: true,","    regexp: true,","    stupid: true","*/","(function () {","    'use strict';","    var local;","","","","    // run shared js-env code - pre-init","    (function () {","        // init local","        local = {};","        // init modeJs","        local.modeJs = (function () {","            try {","                return typeof navigator.userAgent === 'string' &&","                    typeof document.querySelector('body') === 'object' &&","                    typeof XMLHttpRequest.prototype.open === 'function' &&","                    'browser';","            } catch (errorCaughtBrowser) {","                return module.exports &&","                    typeof process.versions.node === 'string' &&","                    typeof require('http').createServer === 'function' &&","                    'node';","            }","        }());","        // init global","        local.global = local.modeJs === 'browser'","            ? window","            : global;","        // init utility2_rollup","        local = local.global.utility2_rollup || (local.modeJs === 'browser'","            ? local.global.utility2_npmtest_restify","            : global.utility2_moduleExports);","        // export local","        local.global.local = local;","    }());","    switch (local.modeJs) {","","","","    // post-init","    // run browser js-env code - post-init","    /* istanbul ignore next */","    case 'browser':","        local.testRunBrowser = function (event) {","            if (!event || (event &&","                    event.currentTarget &&","                    event.currentTarget.className &&","                    event.currentTarget.className.includes &&","                    event.currentTarget.className.includes('onreset'))) {","                // reset output","                Array.from(","                    document.querySelectorAll('body > .resettable')","                ).forEach(function (element) {","                    switch (element.tagName) {","                    case 'INPUT':","                    case 'TEXTAREA':","                        element.value = '';","                        break;","                    default:","                        element.textContent = '';","                    }","                });","            }","            switch (event && event.currentTarget && event.currentTarget.id) {","            case 'testRunButton1':","                // show tests","                if (document.querySelector('#testReportDiv1').style.display === 'none') {","                    document.querySelector('#testReportDiv1').style.display = 'block';","                    document.querySelector('#testRunButton1').textContent =","                        'hide internal test';","                    local.modeTest = true;","                    local.testRunDefault(local);","                // hide tests","                } else {","                    document.querySelector('#testReportDiv1').style.display = 'none';","                    document.querySelector('#testRunButton1').textContent = 'run internal test';","                }","                break;","            // custom-case","            default:","                break;","            }","            if (document.querySelector('#inputTextareaEval1') && (!event || (event &&","                    event.currentTarget &&","                    event.currentTarget.className &&","                    event.currentTarget.className.includes &&","                    event.currentTarget.className.includes('oneval')))) {","                // try to eval input-code","                try {","                    /*jslint evil: true*/","                    eval(document.querySelector('#inputTextareaEval1').value);","                } catch (errorCaught) {","                    console.error(errorCaught.stack);","                }","            }","        };","        // log stderr and stdout to #outputTextareaStdout1","        ['error', 'log'].forEach(function (key) {","            console[key + '_original'] = console[key];","            console[key] = function () {","                var element;","                console[key + '_original'].apply(console, arguments);","                element = document.querySelector('#outputTextareaStdout1');","                if (!element) {","                    return;","                }","                // append text to #outputTextareaStdout1","                element.value += Array.from(arguments).map(function (arg) {","                    return typeof arg === 'string'","                        ? arg","                        : JSON.stringify(arg, null, 4);","                }).join(' ') + '\\n';","                // scroll textarea to bottom","                element.scrollTop = element.scrollHeight;","            };","        });","        // init event-handling","        ['change', 'click', 'keyup'].forEach(function (event) {","            Array.from(document.querySelectorAll('.on' + event)).forEach(function (element) {","                element.addEventListener(event, local.testRunBrowser);","            });","        });","        // run tests","        local.testRunBrowser();","        break;","","","","    // run node js-env code - post-init","    /* istanbul ignore next */","    case 'node':","        // export local","        module.exports = local;","        // require modules","        local.fs = require('fs');","        local.http = require('http');","        local.url = require('url');","        // init assets","        local.assetsDict = local.assetsDict || {};","        /* jslint-ignore-begin */","        local.assetsDict['/assets.index.template.html'] = '\\","<!doctype html>\\n\\","<html lang=\"en\">\\n\\","<head>\\n\\","<meta charset=\"UTF-8\">\\n\\","<meta name=\"viewport\" content=\"width=device-width, initial-scale=1\">\\n\\","<title>{{env.npm_package_name}} (v{{env.npm_package_version}})</title>\\n\\","<style>\\n\\","/*csslint\\n\\","    box-sizing: false,\\n\\","    universal-selector: false\\n\\","*/\\n\\","* {\\n\\","    box-sizing: border-box;\\n\\","}\\n\\","body {\\n\\","    background: #dde;\\n\\","    font-family: Arial, Helvetica, sans-serif;\\n\\","    margin: 2rem;\\n\\","}\\n\\","body > * {\\n\\","    margin-bottom: 1rem;\\n\\","}\\n\\",".utility2FooterDiv {\\n\\","    margin-top: 20px;\\n\\","    text-align: center;\\n\\","}\\n\\","</style>\\n\\","<style>\\n\\","/*csslint\\n\\","*/\\n\\","textarea {\\n\\","    font-family: monospace;\\n\\","    height: 10rem;\\n\\","    width: 100%;\\n\\","}\\n\\","textarea[readonly] {\\n\\","    background: #ddd;\\n\\","}\\n\\","</style>\\n\\","</head>\\n\\","<body>\\n\\","<!-- utility2-comment\\n\\","<div id=\"ajaxProgressDiv1\" style=\"background: #d00; height: 2px; left: 0; margin: 0; padding: 0; position: fixed; top: 0; transition: background 0.5s, width 1.5s; width: 25%;\"></div>\\n\\","utility2-comment -->\\n\\","<h1>\\n\\","<!-- utility2-comment\\n\\","    <a\\n\\","        {{#if env.npm_package_homepage}}\\n\\","        href=\"{{env.npm_package_homepage}}\"\\n\\","        {{/if env.npm_package_homepage}}\\n\\","        target=\"_blank\"\\n\\","    >\\n\\","utility2-comment -->\\n\\","        {{env.npm_package_name}} (v{{env.npm_package_version}})\\n\\","<!-- utility2-comment\\n\\","    </a>\\n\\","utility2-comment -->\\n\\","</h1>\\n\\","<h3>{{env.npm_package_description}}</h3>\\n\\","<!-- utility2-comment\\n\\","<h4><a download href=\"assets.app.js\">download standalone app</a></h4>\\n\\","<button class=\"onclick onreset\" id=\"testRunButton1\">run internal test</button><br>\\n\\","<div id=\"testReportDiv1\" style=\"display: none;\"></div>\\n\\","utility2-comment -->\\n\\","\\n\\","\\n\\","\\n\\","<label>stderr and stdout</label>\\n\\","<textarea class=\"resettable\" id=\"outputTextareaStdout1\" readonly></textarea>\\n\\","<!-- utility2-comment\\n\\","{{#if isRollup}}\\n\\","<script src=\"assets.app.js\"></script>\\n\\","{{#unless isRollup}}\\n\\","utility2-comment -->\\n\\","<script src=\"assets.utility2.rollup.js\"></script>\\n\\","<script src=\"jsonp.utility2._stateInit?callback=window.utility2._stateInit\"></script>\\n\\","<script src=\"assets.npmtest_restify.rollup.js\"></script>\\n\\","<script src=\"assets.example.js\"></script>\\n\\","<script src=\"assets.test.js\"></script>\\n\\","<!-- utility2-comment\\n\\","{{/if isRollup}}\\n\\","utility2-comment -->\\n\\","<div class=\"utility2FooterDiv\">\\n\\","    [ this app was created with\\n\\","    <a href=\"https://github.com/kaizhu256/node-utility2\" target=\"_blank\">utility2</a>\\n\\","    ]\\n\\","</div>\\n\\","</body>\\n\\","</html>\\n\\","';","        /* jslint-ignore-end */","        if (local.templateRender) {","            local.assetsDict['/'] = local.templateRender(","                local.assetsDict['/assets.index.template.html'],","                {","                    env: local.objectSetDefault(local.env, {","                        npm_package_description: 'the greatest app in the world!',","                        npm_package_name: 'my-app',","                        npm_package_nameAlias: 'my_app',","                        npm_package_version: '0.0.1'","                    })","                }","            );","        } else {","            local.assetsDict['/'] = local.assetsDict['/assets.index.template.html']","                .replace((/\\{\\{env\\.(\\w+?)\\}\\}/g), function (match0, match1) {","                    // jslint-hack","                    String(match0);","                    switch (match1) {","                    case 'npm_package_description':","                        return 'the greatest app in the world!';","                    case 'npm_package_name':","                        return 'my-app';","                    case 'npm_package_nameAlias':","                        return 'my_app';","                    case 'npm_package_version':","                        return '0.0.1';","                    }","                });","        }","        // run the cli","        if (local.global.utility2_rollup || module !== require.main) {","            break;","        }","        local.assetsDict['/assets.example.js'] =","            local.assetsDict['/assets.example.js'] ||","            local.fs.readFileSync(__filename, 'utf8');","        local.assetsDict['/assets.npmtest_restify.rollup.js'] =","            local.assetsDict['/assets.npmtest_restify.rollup.js'] ||","            local.fs.readFileSync(","                // buildCustomOrg-hack","                local.npmtest_restify.__dirname +","                    '/lib.npmtest_restify.js',","                'utf8'","            ).replace((/^#!/), '//');","        local.assetsDict['/favicon.ico'] = local.assetsDict['/favicon.ico'] || '';","        // if $npm_config_timeout_exit exists,","        // then exit this process after $npm_config_timeout_exit ms","        if (Number(process.env.npm_config_timeout_exit)) {","            setTimeout(process.exit, Number(process.env.npm_config_timeout_exit));","        }","        // start server","        if (local.global.utility2_serverHttp1) {","            break;","        }","        process.env.PORT = process.env.PORT || '8081';","        console.error('server starting on port ' + process.env.PORT);","        local.http.createServer(function (request, response) {","            request.urlParsed = local.url.parse(request.url);","            if (local.assetsDict[request.urlParsed.pathname] !== undefined) {","                response.end(local.assetsDict[request.urlParsed.pathname]);","                return;","            }","            response.statusCode = 404;","            response.end();","        }).listen(process.env.PORT);","        break;","    }","}());",""],"l":{"26":2,"28":2,"33":2,"35":2,"37":2,"38":2,"39":2,"44":1,"51":2,"55":2,"59":2,"61":2,"69":1,"70":2,"76":2,"79":2,"82":2,"83":2,"85":1,"89":2,"92":1,"93":1,"94":1,"96":1,"97":1,"100":1,"101":1,"103":1,"106":1,"108":2,"114":1,"116":1,"118":1,"123":1,"124":2,"125":2,"126":2,"127":2,"128":2,"129":2,"130":1,"133":2,"134":2,"139":2,"143":1,"144":3,"145":1,"149":1,"150":1,"158":1,"160":1,"161":1,"162":1,"164":1,"166":1,"258":1,"259":1,"271":1,"274":6,"275":6,"277":1,"279":2,"281":1,"283":2,"288":1,"289":1,"291":1,"294":1,"302":1,"305":1,"306":1,"309":1,"310":1,"312":1,"313":1,"314":1,"315":1,"316":1,"317":1,"318":1,"320":1,"321":1,"323":1}},"/home/travis/build/npmtest/node-npmtest-restify/restify/lib/index.js":{"path":"/home/travis/build/npmtest/node-npmtest-restify/restify/lib/index.js","s":{"1":1,"2":1,"3":0,"4":0,"5":0,"6":0,"7":0,"8":0,"9":0,"10":0,"11":0,"12":0,"13":0,"14":0,"15":0,"16":0,"17":0,"18":0,"19":0,"20":0,"21":0,"22":0,"23":1,"24":0,"25":0,"26":0,"27":0,"28":0,"29":1,"30":0,"31":0,"32":0,"33":0,"34":0,"35":1,"36":0,"37":0,"38":0,"39":0,"40":0,"41":1,"42":0,"43":0,"44":0,"45":0,"46":0,"47":0,"48":0,"49":0,"50":0,"51":0,"52":0,"53":0,"54":0,"55":0,"56":0,"57":0,"58":0,"59":1,"60":0,"61":0,"62":0,"63":1,"64":0,"65":0,"66":0,"67":0,"68":1,"69":1,"70":58,"71":58,"72":1,"73":1,"74":1,"75":1,"76":1,"77":1,"78":1,"79":1,"80":20,"81":20},"b":{"1":[0,0],"2":[0,0],"3":[0,0],"4":[0,0],"5":[0,0,0,0],"6":[0,0],"7":[0,0],"8":[0,0],"9":[0,0],"10":[0,0],"11":[0,0],"12":[0,0],"13":[0,0],"14":[0,0],"15":[0,0],"16":[0,0],"17":[0,0],"18":[0,0],"19":[0,0],"20":[0,0],"21":[1,0]},"f":{"1":0,"2":0,"3":0,"4":0,"5":0,"6":0,"7":0,"8":0,"9":0,"10":0,"11":0,"12":0,"13":58,"14":20},"fnMap":{"1":{"name":"createClient","line":24,"loc":{"start":{"line":24,"column":0},"end":{"line":24,"column":31}}},"2":{"name":"createJsonClient","line":70,"loc":{"start":{"line":70,"column":0},"end":{"line":70,"column":35}}},"3":{"name":"createStringClient","line":90,"loc":{"start":{"line":90,"column":0},"end":{"line":90,"column":37}}},"4":{"name":"createHttpClient","line":110,"loc":{"start":{"line":110,"column":0},"end":{"line":110,"column":35}}},"5":{"name":"createServer","line":130,"loc":{"start":{"line":130,"column":0},"end":{"line":130,"column":31}}},"6":{"name":"(anonymous_6)","line":146,"loc":{"start":{"line":146,"column":39},"end":{"line":146,"column":69}}},"7":{"name":"realizeUrl","line":173,"loc":{"start":{"line":173,"column":0},"end":{"line":173,"column":37}}},"8":{"name":"(anonymous_8)","line":174,"loc":{"start":{"line":174,"column":43},"end":{"line":174,"column":63}}},"9":{"name":"(anonymous_9)","line":192,"loc":{"start":{"line":192,"column":18},"end":{"line":192,"column":21}}},"10":{"name":"(anonymous_10)","line":195,"loc":{"start":{"line":195,"column":18},"end":{"line":195,"column":21}}},"11":{"name":"(anonymous_11)","line":198,"loc":{"start":{"line":198,"column":20},"end":{"line":198,"column":23}}},"12":{"name":"(anonymous_12)","line":203,"loc":{"start":{"line":203,"column":14},"end":{"line":203,"column":17}}},"13":{"name":"(anonymous_13)","line":212,"loc":{"start":{"line":212,"column":28},"end":{"line":212,"column":41}}},"14":{"name":"(anonymous_14)","line":225,"loc":{"start":{"line":225,"column":33},"end":{"line":225,"column":46}}}},"statementMap":{"1":{"start":{"line":12,"column":0},"end":{"line":12,"column":49}},"2":{"start":{"line":24,"column":0},"end":{"line":60,"column":1}},"3":{"start":{"line":25,"column":4},"end":{"line":29,"column":5}},"4":{"start":{"line":26,"column":8},"end":{"line":28,"column":10}},"5":{"start":{"line":31,"column":4},"end":{"line":31,"column":40}},"6":{"start":{"line":32,"column":4},"end":{"line":32,"column":44}},"7":{"start":{"line":33,"column":4},"end":{"line":33,"column":39}},"8":{"start":{"line":35,"column":4},"end":{"line":35,"column":38}},"9":{"start":{"line":37,"column":4},"end":{"line":37,"column":15}},"10":{"start":{"line":38,"column":4},"end":{"line":38,"column":36}},"11":{"start":{"line":39,"column":4},"end":{"line":39,"column":31}},"12":{"start":{"line":40,"column":4},"end":{"line":40,"column":39}},"13":{"start":{"line":41,"column":4},"end":{"line":41,"column":56}},"14":{"start":{"line":42,"column":4},"end":{"line":42,"column":58}},"15":{"start":{"line":44,"column":4},"end":{"line":57,"column":5}},"16":{"start":{"line":46,"column":12},"end":{"line":46,"column":50}},"17":{"start":{"line":47,"column":12},"end":{"line":47,"column":18}},"18":{"start":{"line":50,"column":12},"end":{"line":50,"column":52}},"19":{"start":{"line":51,"column":12},"end":{"line":51,"column":18}},"20":{"start":{"line":55,"column":12},"end":{"line":55,"column":50}},"21":{"start":{"line":56,"column":12},"end":{"line":56,"column":18}},"22":{"start":{"line":59,"column":4},"end":{"line":59,"column":20}},"23":{"start":{"line":70,"column":0},"end":{"line":80,"column":1}},"24":{"start":{"line":71,"column":4},"end":{"line":75,"column":5}},"25":{"start":{"line":72,"column":8},"end":{"line":74,"column":10}},"26":{"start":{"line":77,"column":4},"end":{"line":77,"column":50}},"27":{"start":{"line":78,"column":4},"end":{"line":78,"column":26}},"28":{"start":{"line":79,"column":4},"end":{"line":79,"column":35}},"29":{"start":{"line":90,"column":0},"end":{"line":100,"column":1}},"30":{"start":{"line":91,"column":4},"end":{"line":95,"column":5}},"31":{"start":{"line":92,"column":8},"end":{"line":94,"column":10}},"32":{"start":{"line":97,"column":4},"end":{"line":97,"column":50}},"33":{"start":{"line":98,"column":4},"end":{"line":98,"column":28}},"34":{"start":{"line":99,"column":4},"end":{"line":99,"column":35}},"35":{"start":{"line":110,"column":0},"end":{"line":120,"column":1}},"36":{"start":{"line":111,"column":4},"end":{"line":115,"column":5}},"37":{"start":{"line":112,"column":8},"end":{"line":114,"column":10}},"38":{"start":{"line":117,"column":4},"end":{"line":117,"column":50}},"39":{"start":{"line":118,"column":4},"end":{"line":118,"column":26}},"40":{"start":{"line":119,"column":4},"end":{"line":119,"column":35}},"41":{"start":{"line":130,"column":0},"end":{"line":158,"column":1}},"42":{"start":{"line":131,"column":4},"end":{"line":131,"column":44}},"43":{"start":{"line":132,"column":4},"end":{"line":132,"column":58}},"44":{"start":{"line":133,"column":4},"end":{"line":133,"column":37}},"45":{"start":{"line":134,"column":4},"end":{"line":134,"column":37}},"46":{"start":{"line":136,"column":4},"end":{"line":136,"column":42}},"47":{"start":{"line":137,"column":4},"end":{"line":137,"column":15}},"48":{"start":{"line":139,"column":4},"end":{"line":139,"column":39}},"49":{"start":{"line":140,"column":4},"end":{"line":140,"column":58}},"50":{"start":{"line":141,"column":4},"end":{"line":141,"column":50}},"51":{"start":{"line":143,"column":4},"end":{"line":143,"column":30}},"52":{"start":{"line":145,"column":4},"end":{"line":155,"column":5}},"53":{"start":{"line":146,"column":8},"end":{"line":154,"column":11}},"54":{"start":{"line":147,"column":12},"end":{"line":150,"column":13}},"55":{"start":{"line":149,"column":16},"end":{"line":149,"column":31}},"56":{"start":{"line":152,"column":12},"end":{"line":152,"column":76}},"57":{"start":{"line":153,"column":12},"end":{"line":153,"column":26}},"58":{"start":{"line":157,"column":4},"end":{"line":157,"column":20}},"59":{"start":{"line":173,"column":0},"end":{"line":180,"column":1}},"60":{"start":{"line":174,"column":4},"end":{"line":176,"column":7}},"61":{"start":{"line":175,"column":8},"end":{"line":175,"column":68}},"62":{"start":{"line":179,"column":4},"end":{"line":179,"column":48}},"63":{"start":{"line":185,"column":0},"end":{"line":209,"column":2}},"64":{"start":{"line":193,"column":8},"end":{"line":193,"column":49}},"65":{"start":{"line":196,"column":8},"end":{"line":196,"column":49}},"66":{"start":{"line":199,"column":8},"end":{"line":199,"column":51}},"67":{"start":{"line":204,"column":8},"end":{"line":204,"column":44}},"68":{"start":{"line":211,"column":0},"end":{"line":211,"column":33}},"69":{"start":{"line":212,"column":0},"end":{"line":215,"column":3}},"70":{"start":{"line":213,"column":4},"end":{"line":213,"column":41}},"71":{"start":{"line":214,"column":4},"end":{"line":214,"column":34}},"72":{"start":{"line":217,"column":0},"end":{"line":229,"column":1}},"73":{"start":{"line":219,"column":4},"end":{"line":219,"column":47}},"74":{"start":{"line":220,"column":4},"end":{"line":220,"column":53}},"75":{"start":{"line":221,"column":4},"end":{"line":221,"column":43}},"76":{"start":{"line":222,"column":4},"end":{"line":222,"column":56}},"77":{"start":{"line":223,"column":4},"end":{"line":223,"column":32}},"78":{"start":{"line":224,"column":4},"end":{"line":224,"column":39}},"79":{"start":{"line":225,"column":4},"end":{"line":228,"column":7}},"80":{"start":{"line":226,"column":8},"end":{"line":226,"column":47}},"81":{"start":{"line":227,"column":8},"end":{"line":227,"column":39}}},"branchMap":{"1":{"line":25,"type":"if","locations":[{"start":{"line":25,"column":4},"end":{"line":25,"column":4}},{"start":{"line":25,"column":4},"end":{"line":25,"column":4}}]},"2":{"line":40,"type":"binary-expr","locations":[{"start":{"line":40,"column":16},"end":{"line":40,"column":25}},{"start":{"line":40,"column":29},"end":{"line":40,"column":38}}]},"3":{"line":41,"type":"binary-expr","locations":[{"start":{"line":41,"column":16},"end":{"line":41,"column":25}},{"start":{"line":41,"column":29},"end":{"line":41,"column":55}}]},"4":{"line":42,"type":"binary-expr","locations":[{"start":{"line":42,"column":15},"end":{"line":42,"column":23}},{"start":{"line":42,"column":27},"end":{"line":42,"column":57}}]},"5":{"line":44,"type":"switch","locations":[{"start":{"line":45,"column":8},"end":{"line":47,"column":18}},{"start":{"line":49,"column":8},"end":{"line":51,"column":18}},{"start":{"line":53,"column":8},"end":{"line":53,"column":20}},{"start":{"line":54,"column":8},"end":{"line":56,"column":18}}]},"6":{"line":71,"type":"if","locations":[{"start":{"line":71,"column":4},"end":{"line":71,"column":4}},{"start":{"line":71,"column":4},"end":{"line":71,"column":4}}]},"7":{"line":77,"type":"cond-expr","locations":[{"start":{"line":77,"column":24},"end":{"line":77,"column":44}},{"start":{"line":77,"column":47},"end":{"line":77,"column":49}}]},"8":{"line":91,"type":"if","locations":[{"start":{"line":91,"column":4},"end":{"line":91,"column":4}},{"start":{"line":91,"column":4},"end":{"line":91,"column":4}}]},"9":{"line":97,"type":"cond-expr","locations":[{"start":{"line":97,"column":24},"end":{"line":97,"column":44}},{"start":{"line":97,"column":47},"end":{"line":97,"column":49}}]},"10":{"line":111,"type":"if","locations":[{"start":{"line":111,"column":4},"end":{"line":111,"column":4}},{"start":{"line":111,"column":4},"end":{"line":111,"column":4}}]},"11":{"line":117,"type":"cond-expr","locations":[{"start":{"line":117,"column":24},"end":{"line":117,"column":44}},{"start":{"line":117,"column":47},"end":{"line":117,"column":49}}]},"12":{"line":136,"type":"binary-expr","locations":[{"start":{"line":136,"column":27},"end":{"line":136,"column":34}},{"start":{"line":136,"column":38},"end":{"line":136,"column":40}}]},"13":{"line":139,"type":"binary-expr","locations":[{"start":{"line":139,"column":16},"end":{"line":139,"column":25}},{"start":{"line":139,"column":29},"end":{"line":139,"column":38}}]},"14":{"line":140,"type":"binary-expr","locations":[{"start":{"line":140,"column":15},"end":{"line":140,"column":23}},{"start":{"line":140,"column":27},"end":{"line":140,"column":57}}]},"15":{"line":141,"type":"binary-expr","locations":[{"start":{"line":141,"column":18},"end":{"line":141,"column":29}},{"start":{"line":141,"column":33},"end":{"line":141,"column":49}}]},"16":{"line":145,"type":"if","locations":[{"start":{"line":145,"column":4},"end":{"line":145,"column":4}},{"start":{"line":145,"column":4},"end":{"line":145,"column":4}}]},"17":{"line":147,"type":"if","locations":[{"start":{"line":147,"column":12},"end":{"line":147,"column":12}},{"start":{"line":147,"column":12},"end":{"line":147,"column":12}}]},"18":{"line":147,"type":"binary-expr","locations":[{"start":{"line":147,"column":16},"end":{"line":147,"column":62}},{"start":{"line":148,"column":16},"end":{"line":148,"column":31}}]},"19":{"line":152,"type":"binary-expr","locations":[{"start":{"line":152,"column":42},"end":{"line":152,"column":51}},{"start":{"line":152,"column":55},"end":{"line":152,"column":73}}]},"20":{"line":175,"type":"cond-expr","locations":[{"start":{"line":175,"column":43},"end":{"line":175,"column":58}},{"start":{"line":175,"column":61},"end":{"line":175,"column":66}}]},"21":{"line":217,"type":"if","locations":[{"start":{"line":217,"column":0},"end":{"line":217,"column":0}},{"start":{"line":217,"column":0},"end":{"line":217,"column":0}}]}},"code":["// Copyright 2012 Mark Cavage, Inc.  All rights reserved.","//","// Restify supports both a client and server API, and in the essence of not","// loading the kitchen sink on clients, the exports here is chunked up into","// client and server; note clients will have to opt in by setting the env","// var \"RESTIFY_CLIENT_ONLY\", but if you're in that boat, it's not hard to do,","// and enables much faster load times","//","","'use strict';","","var shallowCopy = require('./utils').shallowCopy;","","","/**"," * creates an http request client. based on options passed in, will create one"," * of three existing clients: Http, String, or Json."," * @public"," * @function createClient"," * @param    {Object} options      an options object"," * @param    {String} options.type 'http' | 'json' | 'string'"," * @returns  {HttpClient | JsonClient | StringClient}"," */","function createClient(options) {","    if (typeof (options) === 'string') {","        options = {","            url: options","        };","    }","","    var assert = require('assert-plus');","    var bunyan = require('./bunyan_helper');","    var clients = require('./clients');","","    assert.object(options, 'options');","","    var client;","    var opts = shallowCopy(options);","    opts.agent = options.agent;","    opts.name = opts.name || 'restify';","    opts.type = opts.type || 'application/octet-stream';","    opts.log = opts.log || bunyan.createLogger(opts.name);","","    switch (opts.type) {","        case 'json':","            client = new clients.JsonClient(opts);","            break;","","        case 'string':","            client = new clients.StringClient(opts);","            break;","","        case 'http':","        default:","            client = new clients.HttpClient(opts);","            break;","    }","","    return (client);","}","","","/**"," * creates a json httpclient."," * @public"," * @function createJsonClient"," * @param    {Object}     options an options object"," * @returns  {JsonClient}         a json client"," */","function createJsonClient(options) {","    if (typeof (options) === 'string') {","        options = {","            url: options","        };","    }","","    options = options ? shallowCopy(options) : {};","    options.type = 'json';","    return (createClient(options));","}","","","/**"," * creates a string httpclient."," * @public"," * @function createStringClient"," * @param    {Object}       options an options object"," * @returns  {StringClient}         a string client"," */","function createStringClient(options) {","    if (typeof (options) === 'string') {","        options = {","            url: options","        };","    }","","    options = options ? shallowCopy(options) : {};","    options.type = 'string';","    return (createClient(options));","}","","","/**"," * creates a regular httpclient."," * @public"," * @function createHttpClient"," * @param    {Object}     options an options object"," * @returns  {HttpClient}         an http client"," */","function createHttpClient(options) {","    if (typeof (options) === 'string') {","        options = {","            url: options","        };","    }","","    options = options ? shallowCopy(options) : {};","    options.type = 'http';","    return (createClient(options));","}","","","/**"," * creates a server."," * @public"," * @function createServer"," * @param    {Object} options an options object"," * @returns  {Server}"," */","function createServer(options) {","    var bunyan = require('./bunyan_helper');","    var InternalError = require('./errors').InternalError;","    var Router = require('./router');","    var Server = require('./server');","","    var opts = shallowCopy(options || {});","    var server;","","    opts.name = opts.name || 'restify';","    opts.log = opts.log || bunyan.createLogger(opts.name);","    opts.router = opts.router || new Router(opts);","","    server = new Server(opts);","","    if (server.handleUncaughtExceptions) {","        server.on('uncaughtException', function (req, res, route, e) {","            if (this.listeners('uncaughtException').length > 1 ||","                res.headersSent) {","                return (false);","            }","","            res.send(new InternalError(e, e.message || 'unexpected error'));","            return (true);","        });","    }","","    return (server);","}","","","/**"," * Returns a string representation of a URL pattern , with its"," * parameters filled in by the passed hash."," *"," * If a key is not found in the hash for a param, it is left alone."," * @public"," * @function realizeUrl"," * @param   {String} pattern a url string"," * @param   {Object} params  a hash of parameter names to values for"," *                           substitution"," * @returns {String}"," */","function realizeUrl(pattern, params) {","    var p = pattern.replace(/\\/:([^/]+)/g, function (match, k) {","        return (params.hasOwnProperty(k) ? '/' + params[k] : match);","    });","","","    return (require('./utils').sanitizePath(p));","}","","","///--- Exports","","module.exports = {","    // Client API","    createClient: createClient,","    createJsonClient: createJsonClient,","    createJSONClient: createJsonClient,","    createStringClient: createStringClient,","    createHttpClient: createHttpClient,","    get HttpClient() {","        return (require('./clients').HttpClient);","    },","    get JsonClient() {","        return (require('./clients').JsonClient);","    },","    get StringClient() {","        return (require('./clients').StringClient);","    },","","    // Miscellaneous API","    get bunyan() {","        return (require('./bunyan_helper'));","    },","","    errors: {}","","};","","var errors = require('./errors');","Object.keys(errors).forEach(function (k) {","    module.exports.errors[k] = errors[k];","    module.exports[k] = errors[k];","});","","if (!process.env.RESTIFY_CLIENT_ONLY) {","","    module.exports.createServer = createServer;","    module.exports.httpDate = require('./http_date');","    module.exports.realizeUrl = realizeUrl;","    module.exports.formatters = require('./formatters');","    module.exports.plugins = {};","    var plugins = require('./plugins');","    Object.keys(plugins).forEach(function (k) {","        module.exports.plugins[k] = plugins[k];","        module.exports[k] = plugins[k];","    });","}",""],"l":{"12":1,"24":1,"25":0,"26":0,"31":0,"32":0,"33":0,"35":0,"37":0,"38":0,"39":0,"40":0,"41":0,"42":0,"44":0,"46":0,"47":0,"50":0,"51":0,"55":0,"56":0,"59":0,"70":1,"71":0,"72":0,"77":0,"78":0,"79":0,"90":1,"91":0,"92":0,"97":0,"98":0,"99":0,"110":1,"111":0,"112":0,"117":0,"118":0,"119":0,"130":1,"131":0,"132":0,"133":0,"134":0,"136":0,"137":0,"139":0,"140":0,"141":0,"143":0,"145":0,"146":0,"147":0,"149":0,"152":0,"153":0,"157":0,"173":1,"174":0,"175":0,"179":0,"185":1,"193":0,"196":0,"199":0,"204":0,"211":1,"212":1,"213":58,"214":58,"217":1,"219":1,"220":1,"221":1,"222":1,"223":1,"224":1,"225":1,"226":20,"227":20}},"/home/travis/build/npmtest/node-npmtest-restify/restify/lib/utils.js":{"path":"/home/travis/build/npmtest/node-npmtest-restify/restify/lib/utils.js","s":{"1":1,"2":1,"3":0,"4":0,"5":0,"6":0,"7":0,"8":1,"9":0,"10":0,"11":0,"12":0,"13":0,"14":0,"15":1,"16":0,"17":0,"18":0,"19":0,"20":0,"21":0,"22":0,"23":0,"24":1},"b":{"1":[0,0],"2":[0,0],"3":[0,0],"4":[0,0],"5":[0,0],"6":[0,0],"7":[0,0],"8":[0,0]},"f":{"1":0,"2":0,"3":0,"4":0,"5":0},"fnMap":{"1":{"name":"sanitizePath","line":15,"loc":{"start":{"line":15,"column":0},"end":{"line":15,"column":28}}},"2":{"name":"shallowCopy","line":37,"loc":{"start":{"line":37,"column":0},"end":{"line":37,"column":26}}},"3":{"name":"(anonymous_3)","line":42,"loc":{"start":{"line":42,"column":29},"end":{"line":42,"column":42}}},"4":{"name":"mergeQs","line":58,"loc":{"start":{"line":58,"column":0},"end":{"line":58,"column":29}}},"5":{"name":"(anonymous_5)","line":64,"loc":{"start":{"line":64,"column":34},"end":{"line":64,"column":49}}}},"statementMap":{"1":{"start":{"line":5,"column":0},"end":{"line":5,"column":36}},"2":{"start":{"line":15,"column":0},"end":{"line":27,"column":1}},"3":{"start":{"line":16,"column":4},"end":{"line":16,"column":20}},"4":{"start":{"line":19,"column":4},"end":{"line":19,"column":39}},"5":{"start":{"line":22,"column":4},"end":{"line":24,"column":5}},"6":{"start":{"line":23,"column":8},"end":{"line":23,"column":47}},"7":{"start":{"line":26,"column":4},"end":{"line":26,"column":18}},"8":{"start":{"line":37,"column":0},"end":{"line":46,"column":1}},"9":{"start":{"line":38,"column":4},"end":{"line":40,"column":5}},"10":{"start":{"line":39,"column":8},"end":{"line":39,"column":21}},"11":{"start":{"line":41,"column":4},"end":{"line":41,"column":18}},"12":{"start":{"line":42,"column":4},"end":{"line":44,"column":7}},"13":{"start":{"line":43,"column":8},"end":{"line":43,"column":25}},"14":{"start":{"line":45,"column":4},"end":{"line":45,"column":18}},"15":{"start":{"line":58,"column":0},"end":{"line":80,"column":1}},"16":{"start":{"line":60,"column":4},"end":{"line":60,"column":41}},"17":{"start":{"line":63,"column":4},"end":{"line":77,"column":5}},"18":{"start":{"line":64,"column":8},"end":{"line":76,"column":11}},"19":{"start":{"line":67,"column":12},"end":{"line":75,"column":13}},"20":{"start":{"line":68,"column":16},"end":{"line":68,"column":44}},"21":{"start":{"line":71,"column":16},"end":{"line":71,"column":44}},"22":{"start":{"line":74,"column":16},"end":{"line":74,"column":40}},"23":{"start":{"line":79,"column":4},"end":{"line":79,"column":20}},"24":{"start":{"line":85,"column":0},"end":{"line":89,"column":2}}},"branchMap":{"1":{"line":22,"type":"if","locations":[{"start":{"line":22,"column":4},"end":{"line":22,"column":4}},{"start":{"line":22,"column":4},"end":{"line":22,"column":4}}]},"2":{"line":22,"type":"binary-expr","locations":[{"start":{"line":22,"column":8},"end":{"line":22,"column":51}},{"start":{"line":22,"column":55},"end":{"line":22,"column":70}}]},"3":{"line":38,"type":"if","locations":[{"start":{"line":38,"column":4},"end":{"line":38,"column":4}},{"start":{"line":38,"column":4},"end":{"line":38,"column":4}}]},"4":{"line":60,"type":"binary-expr","locations":[{"start":{"line":60,"column":17},"end":{"line":60,"column":34}},{"start":{"line":60,"column":38},"end":{"line":60,"column":40}}]},"5":{"line":63,"type":"if","locations":[{"start":{"line":63,"column":4},"end":{"line":63,"column":4}},{"start":{"line":63,"column":4},"end":{"line":63,"column":4}}]},"6":{"line":63,"type":"binary-expr","locations":[{"start":{"line":63,"column":8},"end":{"line":63,"column":12}},{"start":{"line":63,"column":16},"end":{"line":63,"column":42}}]},"7":{"line":67,"type":"if","locations":[{"start":{"line":67,"column":12},"end":{"line":67,"column":12}},{"start":{"line":67,"column":12},"end":{"line":67,"column":12}}]},"8":{"line":67,"type":"binary-expr","locations":[{"start":{"line":67,"column":16},"end":{"line":67,"column":42}},{"start":{"line":67,"column":46},"end":{"line":67,"column":77}}]}},"code":["// Copyright 2012 Mark Cavage, Inc.  All rights reserved.","","'use strict';","","var assert = require('assert-plus');","","","/**"," * Cleans up sloppy URL paths, like /foo////bar/// to /foo/bar."," * @public"," * @method  sanitizePath"," * @param   {String} path the HTTP resource path."," * @returns {String}      Cleaned up form of path."," */","function sanitizePath(path) {","    assert.ok(path);","","    // Be nice like apache and strip out any //my//foo//bar///blah","    path = path.replace(/\\/\\/+/g, '/');","","    // Kill a trailing '/'","    if (path.lastIndexOf('/') === (path.length - 1) && path.length > 1) {","        path = path.substr(0, path.length - 1);","    }","","    return (path);","}","","","/**"," * Return a shallow copy of the given object;"," * @public"," * @method  shallowCopy"," * @param   {Object} obj the object to copy"," * @returns {Object}     the new copy of the object"," */","function shallowCopy(obj) {","    if (!obj) {","        return (obj);","    }","    var copy = {};","    Object.keys(obj).forEach(function (k) {","        copy[k] = obj[k];","    });","    return (copy);","}","","","/**"," * Merges two query parameter objects. Merges to array"," * if the same key is encountered."," * @public"," * @method  mergeQs"," * @param   {Object} obj1 first qs object"," * @param   {Object} obj2 second qs object"," * @returns {Object}      the merged object"," */","function mergeQs(obj1, obj2) {","","    var merged = shallowCopy(obj1) || {};","","    // defend against null cause null is an object. yay js.","    if (obj2 && typeof (obj2) === 'object') {","        Object.keys(obj2).forEach(function (key) {","            // if we already have this key and it isn't an array,","            // make it one array of the same element.","            if (merged.hasOwnProperty(key) && !(merged[key] instanceof Array)) {","                merged[key] = [merged[key]];","","                // push the new value down","                merged[key].push(obj2[key]);","            } else {","                // otherwise just set it","                merged[key] = obj2[key];","            }","        });","    }","","    return (merged);","}","","","///--- Exports","","module.exports = {","    sanitizePath: sanitizePath,","    shallowCopy: shallowCopy,","    mergeQs: mergeQs","};",""],"l":{"5":1,"15":1,"16":0,"19":0,"22":0,"23":0,"26":0,"37":1,"38":0,"39":0,"41":0,"42":0,"43":0,"45":0,"58":1,"60":0,"63":0,"64":0,"67":0,"68":0,"71":0,"74":0,"79":0,"85":1}},"/home/travis/build/npmtest/node-npmtest-restify/restify/lib/errors/index.js":{"path":"/home/travis/build/npmtest/node-npmtest-restify/restify/lib/errors/index.js","s":{"1":1,"2":1,"3":1,"4":1,"5":43,"6":1,"7":16},"b":{},"f":{"1":43,"2":16},"fnMap":{"1":{"name":"(anonymous_1)","line":11,"loc":{"start":{"line":11,"column":32},"end":{"line":11,"column":45}}},"2":{"name":"(anonymous_2)","line":16,"loc":{"start":{"line":16,"column":32},"end":{"line":16,"column":45}}}},"statementMap":{"1":{"start":{"line":5,"column":0},"end":{"line":5,"column":41}},"2":{"start":{"line":6,"column":0},"end":{"line":6,"column":41}},"3":{"start":{"line":9,"column":0},"end":{"line":9,"column":20}},"4":{"start":{"line":11,"column":0},"end":{"line":13,"column":3}},"5":{"start":{"line":12,"column":4},"end":{"line":12,"column":38}},"6":{"start":{"line":16,"column":0},"end":{"line":18,"column":3}},"7":{"start":{"line":17,"column":4},"end":{"line":17,"column":38}}},"branchMap":{},"code":["// Copyright 2012 Mark Cavage, Inc.  All rights reserved.","","'use strict';","","var httpErrors = require('./http_error');","var restErrors = require('./rest_error');","","","module.exports = {};","","Object.keys(httpErrors).forEach(function (k) {","    module.exports[k] = httpErrors[k];","});","","// Note some of the RestErrors overwrite plain HTTP errors.","Object.keys(restErrors).forEach(function (k) {","    module.exports[k] = restErrors[k];","});",""],"l":{"5":1,"6":1,"9":1,"11":1,"12":43,"16":1,"17":16}},"/home/travis/build/npmtest/node-npmtest-restify/restify/lib/errors/http_error.js":{"path":"/home/travis/build/npmtest/node-npmtest-restify/restify/lib/errors/http_error.js","s":{"1":1,"2":1,"3":1,"4":1,"5":1,"6":1,"7":41,"8":41,"9":41,"10":0,"11":41,"12":41,"13":41,"14":96,"15":41,"16":41,"17":40,"18":41,"19":1,"20":0,"21":0,"22":0,"23":0,"24":0,"25":0,"26":0,"27":0,"28":1,"29":1,"30":0,"31":0,"32":0,"33":0,"34":0,"35":0,"36":0,"37":1,"38":1,"39":62,"40":21,"41":41,"42":41,"43":0,"44":0,"45":0,"46":0,"47":0,"48":0,"49":0,"50":0,"51":0,"52":0,"53":0,"54":0,"55":0,"56":0,"57":0,"58":0,"59":41,"60":41},"b":{"1":[0,41],"2":[40,1],"3":[0,0],"4":[0,0],"5":[0,0],"6":[0,0],"7":[0,0],"8":[0,0],"9":[21,41],"10":[0,0],"11":[0,0],"12":[0,0],"13":[0,0]},"f":{"1":41,"2":96,"3":0,"4":0,"5":62,"6":0},"fnMap":{"1":{"name":"codeToErrorName","line":31,"loc":{"start":{"line":31,"column":0},"end":{"line":31,"column":31}}},"2":{"name":"(anonymous_2)","line":42,"loc":{"start":{"line":42,"column":19},"end":{"line":42,"column":32}}},"3":{"name":"HttpError","line":64,"loc":{"start":{"line":64,"column":0},"end":{"line":64,"column":28}}},"4":{"name":"codeToHttpError","line":88,"loc":{"start":{"line":88,"column":21},"end":{"line":88,"column":67}}},"5":{"name":"(anonymous_5)","line":117,"loc":{"start":{"line":117,"column":14},"end":{"line":117,"column":30}}},"6":{"name":"(anonymous_6)","line":124,"loc":{"start":{"line":124,"column":27},"end":{"line":124,"column":53}}}},"statementMap":{"1":{"start":{"line":9,"column":0},"end":{"line":9,"column":27}},"2":{"start":{"line":10,"column":0},"end":{"line":10,"column":27}},"3":{"start":{"line":12,"column":0},"end":{"line":12,"column":36}},"4":{"start":{"line":13,"column":0},"end":{"line":13,"column":38}},"5":{"start":{"line":18,"column":0},"end":{"line":18,"column":64}},"6":{"start":{"line":31,"column":0},"end":{"line":53,"column":1}},"7":{"start":{"line":32,"column":4},"end":{"line":32,"column":30}},"8":{"start":{"line":33,"column":4},"end":{"line":33,"column":41}},"9":{"start":{"line":35,"column":4},"end":{"line":37,"column":5}},"10":{"start":{"line":36,"column":8},"end":{"line":36,"column":23}},"11":{"start":{"line":40,"column":4},"end":{"line":40,"column":37}},"12":{"start":{"line":41,"column":4},"end":{"line":41,"column":17}},"13":{"start":{"line":42,"column":4},"end":{"line":44,"column":7}},"14":{"start":{"line":43,"column":8},"end":{"line":43,"column":68}},"15":{"start":{"line":46,"column":4},"end":{"line":46,"column":34}},"16":{"start":{"line":48,"column":4},"end":{"line":50,"column":5}},"17":{"start":{"line":49,"column":8},"end":{"line":49,"column":23}},"18":{"start":{"line":52,"column":4},"end":{"line":52,"column":17}},"19":{"start":{"line":64,"column":0},"end":{"line":78,"column":1}},"20":{"start":{"line":65,"column":4},"end":{"line":65,"column":38}},"21":{"start":{"line":67,"column":4},"end":{"line":67,"column":65}},"22":{"start":{"line":68,"column":4},"end":{"line":68,"column":34}},"23":{"start":{"line":70,"column":4},"end":{"line":70,"column":20}},"24":{"start":{"line":71,"column":4},"end":{"line":71,"column":57}},"25":{"start":{"line":72,"column":4},"end":{"line":72,"column":27}},"26":{"start":{"line":73,"column":4},"end":{"line":76,"column":6}},"27":{"start":{"line":77,"column":4},"end":{"line":77,"column":51}},"28":{"start":{"line":79,"column":0},"end":{"line":79,"column":33}},"29":{"start":{"line":84,"column":0},"end":{"line":111,"column":2}},"30":{"start":{"line":89,"column":8},"end":{"line":89,"column":16}},"31":{"start":{"line":90,"column":8},"end":{"line":90,"column":41}},"32":{"start":{"line":92,"column":8},"end":{"line":106,"column":9}},"33":{"start":{"line":93,"column":12},"end":{"line":97,"column":15}},"34":{"start":{"line":98,"column":12},"end":{"line":98,"column":47}},"35":{"start":{"line":100,"column":12},"end":{"line":105,"column":15}},"36":{"start":{"line":108,"column":8},"end":{"line":108,"column":21}},"37":{"start":{"line":115,"column":0},"end":{"line":115,"column":43}},"38":{"start":{"line":117,"column":0},"end":{"line":153,"column":3}},"39":{"start":{"line":118,"column":4},"end":{"line":120,"column":5}},"40":{"start":{"line":119,"column":8},"end":{"line":119,"column":15}},"41":{"start":{"line":122,"column":4},"end":{"line":122,"column":37}},"42":{"start":{"line":124,"column":4},"end":{"line":147,"column":6}},"43":{"start":{"line":125,"column":8},"end":{"line":125,"column":22}},"44":{"start":{"line":126,"column":8},"end":{"line":128,"column":10}},"45":{"start":{"line":130,"column":8},"end":{"line":142,"column":9}},"46":{"start":{"line":131,"column":12},"end":{"line":131,"column":31}},"47":{"start":{"line":132,"column":12},"end":{"line":132,"column":51}},"48":{"start":{"line":133,"column":15},"end":{"line":142,"column":9}},"49":{"start":{"line":134,"column":12},"end":{"line":134,"column":35}},"50":{"start":{"line":135,"column":12},"end":{"line":135,"column":37}},"51":{"start":{"line":136
[...]
"column":8},"end":{"line":282,"column":8}}]},"21":{"line":284,"type":"binary-expr","locations":[{"start":{"line":284,"column":25},"end":{"line":284,"column":53}},{"start":{"line":284,"column":57},"end":{"line":284,"column":60}}]},"22":{"line":287,"type":"binary-expr","locations":[{"start":{"line":287,"column":22},"end":{"line":287,"column":34}},{"start":{"line":287,"column":38},"end":{"line":287,"column":41}}]}},"code":["// Copyright 2012 Mark Cavage <mcavage@gmail.com> All rights reserved.","","'use strict';","","var sprintf = require('util').format;","","var assert = require('assert-plus');","var LRU = require('lru-cache');","","var errors = require('../errors');","","","///--- Globals","","var TooManyRequestsError = errors.TooManyRequestsError;","","var MESSAGE = 'You have exceeded your request rate of %s r/s.';","","","///--- Helpers","","function xor() {","    var x = false;","","    for (var i = 0; i < arguments.length; i++) {","        if (arguments[i] && !x) {","            x = true;","        } else if (arguments[i] && x) {","            return (false);","        }","    }","    return (x);","}","","","///--- Internal Class (TokenBucket)","","/**"," * An implementation of the Token Bucket algorithm."," *"," * Basically, in network throttling, there are two \"mainstream\""," * algorithms for throttling requests, Token Bucket and Leaky Bucket."," * For restify, I went with Token Bucket.  For a good description of the"," * algorithm, see: http://en.wikipedia.org/wiki/Token_bucket"," *"," * In the options object, you pass in the total tokens and the fill rate."," * Practically speaking, this means \"allow `fill rate` requests/second,"," * with bursts up to `total tokens`\".  Note that the bucket is initialized"," * to full."," *"," * Also, in googling, I came across a concise python implementation, so this"," * is just a port of that. Thanks http://code.activestate.com/recipes/511490 !"," *"," * @private"," * @class"," * @param {Object} options contains the parameters:"," *                   - {Number} capacity the maximum burst."," *                   - {Number} fillRate the rate to refill tokens."," */","function TokenBucket(options) {","    assert.object(options, 'options');","    assert.number(options.capacity, 'options.capacity');","    assert.number(options.fillRate, 'options.fillRate');","","    this.tokens = this.capacity = options.capacity;","    this.fillRate = options.fillRate;","    this.time = Date.now();","}","","","/**"," * Consume N tokens from the bucket."," *"," * If there is not capacity, the tokens are not pulled from the bucket."," *"," * @private"," * @function consume"," * @param    {Number}  tokens the number of tokens to pull out."," * @returns  {Boolean}        true if capacity, false otherwise."," */","TokenBucket.prototype.consume = function consume(tokens) {","    if (tokens <= this._fill()) {","        this.tokens -= tokens;","        return (true);","    }","","    return (false);","};","","","/**"," * Fills the bucket with more tokens."," *"," * Rather than do some whacky setTimeout() deal, we just approximate refilling"," * the bucket by tracking elapsed time from the last time we touched the bucket."," *"," * Simply, we set the bucket size to min(totalTokens,"," *                                       current + (fillRate * elapsed time))."," *"," * @private"," * @function _fill"," * @returns  {Number} the current number of tokens in the bucket."," */","TokenBucket.prototype._fill = function _fill() {","    var now = Date.now();","","    // reset account for clock drift (like DST)","    if (now < this.time) {","        this.time = now - 1000;","    }","","    if (this.tokens < this.capacity) {","        var delta = this.fillRate * ((now - this.time) / 1000);","        this.tokens = Math.min(this.capacity, this.tokens + delta);","    }","    this.time = now;","","    return (this.tokens);","};","","","///--- Internal Class (TokenTable)","/**"," * Just a wrapper over LRU that supports put/get to store token -> bucket"," * mappings."," * @private"," * @class"," * @param {Object} options      an options object"," * @param {Number} options.size size of the LRU"," */","function TokenTable(options) {","    assert.object(options, 'options');","","    this.table = new LRU(options.size || 10000);","}","","","/**"," * puts a value in the token table"," * @private"," * @function put"," * @param {String}      key   a name"," * @param {TokenBucket} value a TokenBucket"," * @returns {undefined}"," */","TokenTable.prototype.put = function put(key, value) {","    this.table.set(key, value);","};","","","/**"," * puts a value in the token table"," * @private"," * @function get"," * @param {String} key a key"," * @returns {TokenBucket}"," */","TokenTable.prototype.get = function get(key) {","    return (this.table.get(key));","};","","","///--- Exported API","","/**"," * Creates an API rate limiter that can be plugged into the standard"," * restify request handling pipeline."," *"," * This throttle gives you three options on which to throttle:"," * username, IP address and 'X-Forwarded-For'. IP/XFF is a /32 match,"," * so keep that in mind if using it.  Username takes the user specified"," * on req.username (which gets automagically set for supported Authorization"," * types; otherwise set it yourself with a filter that runs before this)."," *"," * In both cases, you can set a `burst` and a `rate` (in requests/seconds),"," * as an integer/float.  Those really translate to the `TokenBucket`"," * algorithm, so read up on that (or see the comments above...)."," *"," * In either case, the top level options burst/rate set a blanket throttling"," * rate, and then you can pass in an `overrides` object with rates for"," * specific users/IPs.  You should use overrides sparingly, as we make a new"," * TokenBucket to track each."," *"," * On the `options` object ip and username are treated as an XOR."," *"," * An example options object with overrides:"," *"," *  {"," *    burst: 10,  // Max 10 concurrent requests (if tokens)"," *    rate: 0.5,  // Steady state: 1 request / 2 seconds"," *    ip: true,   // throttle per IP"," *    overrides: {"," *      '192.168.1.1': {"," *        burst: 0,"," *        rate: 0    // unlimited"," *    }"," *  }"," *"," * @public"," * @function throttle"," * @throws   {TooManyRequestsError}"," * @param    {Object}    options required options with:"," *                   - {Number} burst (required)."," *                   - {Number} rate (required)."," *                   - {Boolean} ip (optional)."," *                   - {Boolean} username (optional)."," *                   - {Boolean} xff (optional)."," *                   - {Object} overrides (optional)."," *                   - {Object} tokensTable: a storage engine this plugin will"," *                              use to store throttling keys -> bucket mappings."," *                              If you don't specify this, the default is to"," *                              use an in-memory O(1) LRU, with 10k distinct"," *                              keys.  Any implementation just needs to support"," *                              put/get."," *                   - {Number} maxKeys: If using the default implementation,"," *                              you can specify how large you want the table to"," *                              be.  Default is 10000."," * @returns  {Function}"," */","function throttle(options) {","    assert.object(options, 'options');","    assert.number(options.burst, 'options.burst');","    assert.number(options.rate, 'options.rate');","","    if (!xor(options.ip, options.xff, options.username)) {","        throw new Error('(ip ^ username ^ xff)');","    }","","    var table = options.tokensTable ||","        new TokenTable({size: options.maxKeys});","","    function rateLimit(req, res, next) {","        var attr;","        var burst = options.burst;","        var rate = options.rate;","","        if (options.ip) {","            attr = req.connection.remoteAddress;","        } else if (options.xff) {","            attr = req.headers['x-forwarded-for'];","        } else if (options.username) {","            attr = req.username;","        } else {","            req.log.warn({config: options},","                'Invalid throttle configuration');","            return (next());","        }","","        // Before bothering with overrides, see if this request","        // even matches","        if (!attr) {","            return (next());","        }","","        // Check the overrides","        if (options.overrides &&","            options.overrides[attr] &&","            options.overrides[attr].burst !== undefined &&","            options.overrides[attr].rate !== undefined) {","","            burst = options.overrides[attr].burst;","            rate = options.overrides[attr].rate;","        }","","        if (!rate || !burst) {","            return (next());","        }","","        var bucket = table.get(attr);","","        if (!bucket) {","            bucket = new TokenBucket({","                capacity: burst,","                fillRate: rate","            });","            table.put(attr, bucket);","        }","","        req.log.trace('Throttle(%s): num_tokens= %d',","            attr, bucket.tokens);","","        if (!bucket.consume(1)) {","            req.log.info({","                address: req.connection.remoteAddress || '?',","                method: req.method,","                url: req.url,","                user: req.username || '?'","            }, 'Throttling');","","            var msg = sprintf(MESSAGE, rate);","            return (next(new TooManyRequestsError(msg)));","        }","","        return (next());","    }","","    return (rateLimit);","}","","module.exports = throttle;",""],"l":{"5":1,"7":1,"8":1,"10":1,"15":1,"17":1,"22":1,"23":0,"25":0,"26":0,"27":0,"28":0,"29":0,"32":0,"60":1,"61":0,"62":0,"63":0,"65":0,"66":0,"67":0,"81":1,"82":0,"83":0,"84":0,"87":0,"104":1,"105":0,"108":0,"109":0,"112":0,"113":0,"114":0,"116":0,"118":0,"131":1,"132":0,"134":0,"146":1,"147":0,"158":1,"159":0,"220":1,"221":0,"222":0,"223":0,"225":0,"226":0,"229":0,"232":1,"233":0,"234":0,"235":0,"237":0,"238":0,"239":0,"240":0,"241":0,"242":0,"244":0,"246":0,"251":0,"252":0,"256":0,"261":0,"262":0,"265":0,"266":0,"269":0,"271":0,"272":0,"276":0,"279":0,"282":0,"283":0,"290":0,"291":0,"294":0,"297":0,"300":1}},"/home/travis/build/npmtest/node-npmtest-restify/restify/lib/plugins/pre/pause.js":{"path":"/home/travis/build/npmtest/node-npmtest-restify/restify/lib/plugins/pre/pause.js","s":{"1":1,"2":1,"3":0,"4":1,"5":0,"6":0,"7":0,"8":0,"9":0,"10":0,"11":0,"12":0,"13":0,"14":0,"15":0,"16":0,"17":0,"18":0,"19":0,"20":0,"21":0,"22":0,"23":0,"24":1,"25":1,"26":0,"27":0,"28":0},"b":{"1":[0,0],"2":[0,0]},"f":{"1":0,"2":0,"3":0,"4":0,"5":0,"6":0},"fnMap":{"1":{"name":"pauseStream","line":18,"loc":{"start":{"line":18,"column":0},"end":{"line":18,"column":29}}},"2":{"name":"_buffer","line":19,"loc":{"start":{"line":19,"column":4},"end":{"line":19,"column":28}}},"3":{"name":"_catchEnd","line":23,"loc":{"start":{"line":23,"column":4},"end":{"line":23,"column":30}}},"4":{"name":"_rstfy_resume","line":35,"loc":{"start":{"line":35,"column":20},"end":{"line":35,"column":45}}},"5":{"name":"pause","line":58,"loc":{"start":{"line":58,"column":17},"end":{"line":58,"column":34}}},"6":{"name":"prePause","line":60,"loc":{"start":{"line":60,"column":4},"end":{"line":60,"column":38}}}},"statementMap":{"1":{"start":{"line":18,"column":0},"end":{"line":53,"column":1}},"2":{"start":{"line":19,"column":4},"end":{"line":21,"column":5}},"3":{"start":{"line":20,"column":8},"end":{"line":20,"column":38}},"4":{"start":{"line":23,"column":4},"end":{"line":25,"column":5}},"5":{"start":{"line":24,"column":8},"end":{"line":24,"column":36}},"6":{"start":{"line":27,"column":4},"end":{"line":27,"column":33}},"7":{"start":{"line":28,"column":4},"end":{"line":28,"column":33}},"8":{"start":{"line":29,"column":4},"end":{"line":29,"column":27}},"9":{"start":{"line":30,"column":4},"end":{"line":30,"column":31}},"10":{"start":{"line":31,"column":4},"end":{"line":31,"column":34}},"11":{"start":{"line":32,"column":4},"end":{"line":32,"column":19}},"12":{"start":{"line":34,"column":4},"end":{"line":34,"column":35}},"13":{"start":{"line":35,"column":4},"end":{"line":52,"column":6}},"14":{"start":{"line":36,"column":8},"end":{"line":38,"column":9}},"15":{"start":{"line":37,"column":12},"end":{"line":37,"column":19}},"16":{"start":{"line":40,"column":8},"end":{"line":40,"column":47}},"17":{"start":{"line":41,"column":8},"end":{"line":41,"column":48}},"18":{"start":{"line":43,"column":8},"end":{"line":43,"column":68}},"19":{"start":{"line":44,"column":8},"end":{"line":44,"column":37}},"20":{"start":{"line":46,"column":8},"end":{"line":46,"column":25}},"21":{"start":{"line":47,"column":8},"end":{"line":47,"column":39}},"22":{"start":{"line":49,"column":8},"end":{"line":51,"column":9}},"23":{"start":{"line":50,"column":12},"end":{"line":50,"column":31}},"24":{"start":{"line":58,"column":0},"end":{"line":66,"column":2}},"25":{"start":{"line":60,"column":4},"end":{"line":63,"column":5}},"26":{"start":{"line":61,"column":8},"end":{"line":61,"column":25}},"27":{"start":{"line":62,"column":8},"end":{"line":62,"column":15}},"28":{"start":{"line":65,"column":4},"end":{"line":65,"column":22}}},"branchMap":{"1":{"line":36,"type":"if","locations":[{"start":{"line":36,"column":8},"end":{"line":36,"column":8}},{"start":{"line":36,"column":8},"end":{"line":36,"column":8}}]},"2":{"line":49,"type":"if","locations":[{"start":{"line":49,"column":8},"end":{"line":49,"column":8}},{"start":{"line":49,"column":8},"end":{"line":49,"column":8}}]}},"code":["// Copyright 2012 Mark Cavage, Inc.  All rights reserved.","","'use strict';","","///--- Helpers","","/**"," * this pre handler fixes issues with node hanging when an asyncHandler is"," * used prior to bodyParser."," * https://github.com/restify/node-restify/issues/287"," * https://github.com/restify/node-restify/issues/409"," * https://github.com/restify/node-restify/wiki/1.4-to-2.0-Migration-Tips"," * @public"," * @function pauseStream"," * @param    {Stream} stream the stream to pause"," * @returns  {undefined}"," */","function pauseStream(stream) {","    function _buffer(chunk) {","        stream.__buffered.push(chunk);","    }","","    function _catchEnd(chunk) {","        stream.__rstfy_ended = true;","    }","","    stream.__rstfy_ended = false;","    stream.__rstfy_paused = true;","    stream.__buffered = [];","    stream.on('data', _buffer);","    stream.once('end', _catchEnd);","    stream.pause();","","    stream._resume = stream.resume;","    stream.resume = function _rstfy_resume() {","        if (!stream.__rstfy_paused) {","            return;","        }","","        stream.removeListener('data', _buffer);","        stream.removeListener('end', _catchEnd);","","        stream.__buffered.forEach(stream.emit.bind(stream, 'data'));","        stream.__buffered.length = 0;","","        stream._resume();","        stream.resume = stream._resume;","","        if (stream.__rstfy_ended) {","            stream.emit('end');","        }","    };","}","","","///--- Exports","","module.exports = function pause() {","","    function prePause(req, res, next) {","        pauseStream(req);","        next();","    }","","    return (prePause);","};",""],"l":{"18":1,"19":1,"20":0,"23":1,"24":0,"27":0,"28":0,"29":0,"30":0,"31":0,"32":0,"34":0,"35":0,"36":0,"37":0,"40":0,"41":0,"43":0,"44":0,"46":0,"47":0,"49":0,"50":0,"58":1,"60":1,"61":0,"62":0,"65":0}},"/home/travis/build/npmtest/node-npmtest-restify/restify/lib/plugins/pre/user_agent.js":{"path":"/home/travis/build/npmtest/node-npmtest-restify/restify/lib/plugins/pre/user_agent.js","s":{"1":1,"2":1,"3":0,"4":0,"5":0,"6":0,"7":0,"8":0,"9":1,"10":0,"11":0,"12":0,"13":0,"14":0,"15":0,"16":0,"17":1},"b":{"1":[0,0],"2":[0,0],"3":[0,0],"4":[0,0],"5":[0,0]},"f":{"1":0,"2":0},"fnMap":{"1":{"name":"userAgentConnection","line":28,"loc":{"start":{"line":28,"column":0},"end":{"line":28,"column":35}}},"2":{"name":"handleUserAgent","line":39,"loc":{"start":{"line":39,"column":4},"end":{"line":39,"column":45}}}},"statementMap":{"1":{"start":{"line":5,"column":0},"end":{"line":5,"column":36}},"2":{"start":{"line":28,"column":0},"end":{"line":55,"column":1}},"3":{"start":{"line":29,"column":4},"end":{"line":29,"column":43}},"4":{"start":{"line":30,"column":4},"end":{"line":30,"column":22}},"5":{"start":{"line":31,"column":4},"end":{"line":31,"column":75}},"6":{"start":{"line":33,"column":4},"end":{"line":33,"column":34}},"7":{"start":{"line":35,"column":4},"end":{"line":37,"column":5}},"8":{"start":{"line":36,"column":8},"end":{"line":36,"column":23}},"9":{"start":{"line":39,"column":4},"end":{"line":52,"column":5}},"10":{"start":{"line":40,"column":8},"end":{"line":40,"column":43}},"11":{"start":{"line":42,"column":8},"end":{"line":44,"column":9}},"12":{"start":{"line":43,"column":12},"end":{"line":43,"column":49}},"13":{"start":{"line":46,"column":8},"end":{"line":49,"column":9}},"14":{"start":{"line":47,"column":12},"end":{"line":48,"column":62}},"15":{"start":{"line":51,"column":8},"end":{"line":51,"column":15}},"16":{"start":{"line":54,"column":4},"end":{"line":54,"column":29}},"17":{"start":{"line":57,"column":0},"end":{"line":57,"column":37}}},"branchMap":{"1":{"line":30,"type":"binary-expr","locations":[{"start":{"line":30,"column":11},"end":{"line":30,"column":15}},{"start":{"line":30,"column":19},"end":{"line":30,"column":21}}]},"2":{"line":35,"type":"if","locations":[{"start":{"line":35,"column":4},"end":{"line":35,"column":4}},{"start":{"line":35,"column":4},"end":{"line":35,"column":4}}]},"3":{"line":42,"type":"if","locations":[{"start":{"line":42,"column":8},"end":{"line":42,"column":8}},{"start":{"line":42,"column":8},"end":{"line":42,"column":8}}]},"4":{"line":42,"type":"binary-expr","locations":[{"start":{"line":42,"column":12},"end":{"line":42,"column":14}},{"start":{"line":42,"column":18},"end":{"line":42,"column":29}}]},"5":{"line":46,"type":"if","locations":[{"start":{"line":46,"column":8},"end":{"line":46,"column":8}},{"start":{"line":46,"column":8},"end":{"line":46,"column":8}}]}},"code":["// Copyright 2012 Mark Cavage, Inc.  All rights reserved.","","'use strict';","","var assert = require('assert-plus');","","","///--- API","","/**"," * This basically exists for curl.  curl on HEAD requests usually"," * just sits there and hangs, unless you explicitly set"," * Connection:close.  And in general, you probably want to set"," * Connection: close to curl anyway."," *"," * Also, because curl spits out an annoying message to stderr about"," * remaining bytes if content-length is set, this plugin also drops"," * the content-length header (some user agents handle it and want it,"," * curl does not)."," *"," * To be slightly more generic, the options block takes a user"," * agent regexp, however."," * @public"," * @function userAgentConnection"," * @param    {Object}   opts an options object"," * @returns  {Function}"," */","function userAgentConnection(opts) {","    assert.optionalObject(opts, 'options');","    opts = opts || {};","    assert.optionalObject(opts.userAgentRegExp, 'options.userAgentRegExp');","","    var re = opts.userAgentRegExp;","","    if (!re) {","        re = /^curl.+/;","    }","","    function handleUserAgent(req, res, next) {","        var ua = req.headers['user-agent'];","","        if (ua && re.test(ua)) {","            res.setHeader('Connection', 'close');","        }","","        if (req.method === 'HEAD') {","            res.once('header',","                res.removeHeader.bind(res, 'content-length'));","        }","","        next();","    }","","    return (handleUserAgent);","}","","module.exports = userAgentConnection;",""],"l":{"5":1,"28":1,"29":0,"30":0,"31":0,"33":0,"35":0,"36":0,"39":1,"40":0,"42":0,"43":0,"46":0,"47":0,"51":0,"54":0,"57":1}}}